#
# There is insufficient memory for the Java Runtime Environment to continue.
# Native memory allocation (malloc) failed to allocate 1048576 bytes for AllocateHeap
# Possible reasons:
#   The system is out of physical RAM or swap space
#   The process is running with CompressedOops enabled, and the Java Heap may be blocking the growth of the native heap
# Possible solutions:
#   Reduce memory load on the system
#   Increase physical memory or swap space
#   Check if swap backing store is full
#   Decrease Java heap size (-Xmx/-Xms)
#   Decrease number of Java threads
#   Decrease Java thread stack sizes (-Xss)
#   Set larger code cache with -XX:ReservedCodeCacheSize=
#   JVM is running with Zero Based Compressed Oops mode in which the Java heap is
#     placed in the first 32GB address space. The Java Heap base address is the
#     maximum limit for the native heap growth. Please use -XX:HeapBaseMinAddress
#     to set the Java Heap base and to place the Java Heap above 32GB virtual address.
# This output file may be truncated or incomplete.
#
#  Out of Memory Error (./src/hotspot/share/memory/allocation.cpp:46), pid=30736, tid=17896
#
# JRE version: OpenJDK Runtime Environment Temurin-11.0.14.1+1 (11.0.14.1+1) (build 11.0.14.1+1)
# Java VM: OpenJDK 64-Bit Server VM Temurin-11.0.14.1+1 (11.0.14.1+1, mixed mode, tiered, compressed oops, g1 gc, windows-amd64)
# No core dump will be written. Minidumps are not enabled by default on client versions of Windows
#

---------------  S U M M A R Y ------------

Command Line: -XX:MaxGCPauseMillis=50 -agentlib:jdwp=transport=dt_shmem,address=javadebug -Dfile.encoding=UTF-8 bluej.runtime.ExecServer UTF-8

Host: Intel(R) Core(TM) i7-10750H CPU @ 2.60GHz, 12 cores, 15G,  Windows 11 , 64 bit Build 22621 (10.0.22621.1928)
Time: Sat Jul 29 17:26:33 2023 Central America Standard Time elapsed time: 3.082442 seconds (0d 0h 0m 3s)

---------------  T H R E A D  ---------------

Current thread (0x0000018dce2e5000):  VMThread "VM Thread" [stack: 0x0000002425c00000,0x0000002425d00000] [id=17896]

Stack: [0x0000002425c00000,0x0000002425d00000]
[error occurred during error reporting (printing stack bounds), id 0xc0000005, EXCEPTION_ACCESS_VIOLATION (0xc0000005) at pc=0x0000018db29d112d]

Native frames: (J=compiled Java code, j=interpreted, Vv=VM code, C=native code)
V  [jvm.dll+0x61e59a]
V  [jvm.dll+0x7aaca9]
V  [jvm.dll+0x7ac398]
V  [jvm.dll+0x7ac9d5]
V  [jvm.dll+0x7ac98b]
V  [jvm.dll+0x61d927]
V  [jvm.dll+0x61e038]
C  [ntdll.dll+0xa3dff]
C  [ntdll.dll+0x1e456]
C  [ntdll.dll+0xa2dee]
C  0x0000018db29d112d

VM_Operation (0x000000242843f210): G1CollectFull, mode: safepoint, requested by thread 0x0000018dd0969000


---------------  P R O C E S S  ---------------

Threads class SMR info:
_java_thread_list=0x0000018dd093bdc0, length=25, elements={
0x0000018dce2e8000, 0x0000018dce2f2000, 0x0000018dce2fe800, 0x0000018dcebf3800,
0x0000018dcebf4800, 0x0000018dcebf6000, 0x0000018dcebf7000, 0x0000018dcebfc800,
0x0000018dced6c000, 0x0000018dced83800, 0x0000018dced8b000, 0x0000018dcedc8800,
0x0000018dcf3ea000, 0x0000018dcf3ec000, 0x0000018dcf3ed800, 0x0000018dcf4ee000,
0x0000018daa29c000, 0x0000018dcf609000, 0x0000018dd06a1800, 0x0000018dd0960800,
0x0000018dd0a00000, 0x0000018dd0968000, 0x0000018dd096e800, 0x0000018dd0969800,
0x0000018dd0969000
}

Java Threads: ( => current thread )
  0x0000018dce2e8000 JavaThread "Reference Handler" daemon [_thread_blocked, id=29632, stack(0x0000002425d00000,0x0000002425e00000)]
  0x0000018dce2f2000 JavaThread "Finalizer" daemon [_thread_blocked, id=24008, stack(0x0000002425e00000,0x0000002425f00000)]
  0x0000018dce2fe800 JavaThread "Signal Dispatcher" daemon [_thread_blocked, id=35136, stack(0x0000002425f00000,0x0000002426000000)]
  0x0000018dcebf3800 JavaThread "Attach Listener" daemon [_thread_blocked, id=28244, stack(0x0000002426000000,0x0000002426100000)]
  0x0000018dcebf4800 JavaThread "Service Thread" daemon [_thread_blocked, id=26992, stack(0x0000002426100000,0x0000002426200000)]
  0x0000018dcebf6000 JavaThread "C2 CompilerThread0" daemon [_thread_blocked, id=29828, stack(0x0000002426200000,0x0000002426300000)]
  0x0000018dcebf7000 JavaThread "C1 CompilerThread0" daemon [_thread_blocked, id=33732, stack(0x0000002426300000,0x0000002426400000)]
  0x0000018dcebfc800 JavaThread "Sweeper thread" daemon [_thread_blocked, id=34632, stack(0x0000002426400000,0x0000002426500000)]
  0x0000018dced6c000 JavaThread "JDWP Transport Listener: dt_shmem" daemon [_thread_blocked, id=14980, stack(0x0000002426500000,0x0000002426600000)]
  0x0000018dced83800 JavaThread "JDWP Event Helper Thread" daemon [_thread_blocked, id=27028, stack(0x0000002426600000,0x0000002426700000)]
  0x0000018dced8b000 JavaThread "JDWP Command Reader" daemon [_thread_blocked, id=408, stack(0x0000002426700000,0x0000002426800000)]
  0x0000018dcedc8800 JavaThread "Common-Cleaner" daemon [_thread_blocked, id=25344, stack(0x0000002426900000,0x0000002426a00000)]
  0x0000018dcf3ea000 JavaThread "Java2D Disposer" daemon [_thread_blocked, id=34052, stack(0x0000002426a00000,0x0000002426b00000)]
  0x0000018dcf3ec000 JavaThread "AWT-Shutdown" [_thread_blocked, id=27644, stack(0x0000002426b00000,0x0000002426c00000)]
  0x0000018dcf3ed800 JavaThread "AWT-Windows" daemon [_thread_in_native, id=32088, stack(0x0000002426c00000,0x0000002426d00000)]
  0x0000018dcf4ee000 JavaThread "BlueJ worker thread" [_thread_blocked, id=31320, stack(0x0000002426e00000,0x0000002426f00000)]
  0x0000018daa29c000 JavaThread "DestroyJavaVM" [_thread_blocked, id=18360, stack(0x0000002425600000,0x0000002425700000)]
  0x0000018dcf609000 JavaThread "main" [_thread_blocked, id=9924, stack(0x0000002427000000,0x0000002427100000)]
  0x0000018dd06a1800 JavaThread "AWT-EventQueue-0" [_thread_blocked, id=30616, stack(0x0000002427b40000,0x0000002427c40000)]
  0x0000018dd0960800 JavaThread "QuantumRenderer-0" daemon [_thread_blocked, id=33860, stack(0x0000002427c40000,0x0000002427d40000)]
  0x0000018dd0a00000 JavaThread "InvokeLaterDispatcher" daemon [_thread_blocked, id=5928, stack(0x0000002427d40000,0x0000002427e40000)]
  0x0000018dd0968000 JavaThread "JavaFX Application Thread" [_thread_in_native, id=34424, stack(0x0000002427e40000,0x0000002427f40000)]
  0x0000018dd096e800 JavaThread "VMCommsSimulation" [_thread_in_native, id=15292, stack(0x0000002428240000,0x0000002428340000)]
  0x0000018dd0969800 JavaThread "Thread-2" daemon [_thread_blocked, id=25912, stack(0x0000002426d00000,0x0000002426e00000)]
  0x0000018dd0969000 JavaThread "SimulationThread" [_thread_blocked, id=30204, stack(0x0000002428340000,0x0000002428440000)]

Other Threads:
=>0x0000018dce2e5000 VMThread "VM Thread" [stack: 0x0000002425c00000,0x0000002425d00000] [id=17896]
  0x0000018dcedb7800 WatcherThread [stack: 0x0000002426800000,0x0000002426900000] [id=34412]
  0x0000018daa2b5800 GCTaskThread "GC Thread#0" [stack: 0x0000002425700000,0x0000002425800000] [id=24328]
  0x0000018dd0697000 GCTaskThread "GC Thread#1" [stack: 0x0000002427240000,0x0000002427340000] [id=17796]
  0x0000018dd06f5000 GCTaskThread "GC Thread#2" [stack: 0x0000002427340000,0x0000002427440000] [id=7044]
  0x0000018dd06b4000 GCTaskThread "GC Thread#3" [stack: 0x0000002427440000,0x0000002427540000] [id=2780]
  0x0000018dd06f5800 GCTaskThread "GC Thread#4" [stack: 0x0000002427540000,0x0000002427640000] [id=29236]
  0x0000018dd07b1800 GCTaskThread "GC Thread#5" [stack: 0x0000002427640000,0x0000002427740000] [id=33356]
  0x0000018dd07b2000 GCTaskThread "GC Thread#6" [stack: 0x0000002427740000,0x0000002427840000] [id=24868]
  0x0000018dd077a800 GCTaskThread "GC Thread#7" [stack: 0x0000002427840000,0x0000002427940000] [id=21176]
  0x0000018dd077b000 GCTaskThread "GC Thread#8" [stack: 0x0000002427940000,0x0000002427a40000] [id=26348]
  0x0000018dd077b800 GCTaskThread "GC Thread#9" [stack: 0x0000002427a40000,0x0000002427b40000] [id=16744]
  0x0000018daa311800 ConcurrentGCThread "G1 Main Marker" [stack: 0x0000002425800000,0x0000002425900000] [id=30372]
  0x0000018daa313800 ConcurrentGCThread "G1 Conc#0" [stack: 0x0000002425900000,0x0000002425a00000] [id=31520]
  0x0000018dce1cb800 ConcurrentGCThread "G1 Refine#0" [stack: 0x0000002425a00000,0x0000002425b00000] [id=27444]
  0x0000018dce1ce800 ConcurrentGCThread "G1 Young RemSet Sampling" [stack: 0x0000002425b00000,0x0000002425c00000] [id=6760]

Threads with active compile tasks:

VM state:at safepoint (normal execution)

VM Mutex/Monitor currently owned by a thread:  ([mutex/lock_event])
[0x0000018daa2982a0] Threads_lock - owner thread: 0x0000018dce2e5000
[0x0000018daa297c70] Heap_lock - owner thread: 0x0000018dd0969000

Heap address: 0x0000000703a00000, size: 4038 MB, Compressed Oops mode: Zero based, Oop shift amount: 3
Narrow klass base: 0x0000000800000000, Narrow klass shift: 0
Compressed class space size: 1073741824 Address: 0x0000000800000000

Heap:
 garbage-first heap   total 260096K, used 5755K [0x0000000703a00000, 0x0000000800000000)
  region size 1024K, 4 young (4096K), 2 survivors (2048K)
 Metaspace       used 16050K, capacity 16424K, committed 16640K, reserved 1064960K
  class space    used 1572K, capacity 1736K, committed 1792K, reserved 1048576K
Heap Regions: E=young(eden), S=young(survivor), O=old, HS=humongous(starts), HC=humongous(continues), CS=collection set, F=free, A=archive, TAMS=top-at-mark-start (previous, next)
|   0|0x0000000703a00000, 0x0000000703b00000, 0x0000000703b00000|100%| O|  |TAMS 0x0000000703a00000, 0x0000000703a00000| Untracked 
|   1|0x0000000703b00000, 0x0000000703c00000, 0x0000000703c00000|100%| O|  |TAMS 0x0000000703b00000, 0x0000000703b00000| Untracked 
|   2|0x0000000703c00000, 0x0000000703d00000, 0x0000000703d00000|100%| O|  |TAMS 0x0000000703c00000, 0x0000000703c00000| Untracked 
|   3|0x0000000703d00000, 0x0000000703d7da00, 0x0000000703e00000| 49%| O|  |TAMS 0x0000000703d00000, 0x0000000703d00000| Untracked 
|   4|0x0000000703e00000, 0x0000000703e00000, 0x0000000703f00000|  0%| F|  |TAMS 0x0000000703e00000, 0x0000000703e00000| Untracked 
|   5|0x0000000703f00000, 0x0000000703f00000, 0x0000000704000000|  0%| F|  |TAMS 0x0000000703f00000, 0x0000000703f00000| Untracked 
|   6|0x0000000704000000, 0x0000000704000000, 0x0000000704100000|  0%| F|  |TAMS 0x0000000704000000, 0x0000000704000000| Untracked 
|   7|0x0000000704100000, 0x0000000704100000, 0x0000000704200000|  0%| F|  |TAMS 0x0000000704100000, 0x0000000704100000| Untracked 
|   8|0x0000000704200000, 0x0000000704200000, 0x0000000704300000|  0%| F|  |TAMS 0x0000000704200000, 0x0000000704200000| Untracked 
|   9|0x0000000704300000, 0x0000000704300000, 0x0000000704400000|  0%| F|  |TAMS 0x0000000704300000, 0x0000000704300000| Untracked 
|  10|0x0000000704400000, 0x0000000704400000, 0x0000000704500000|  0%| F|  |TAMS 0x0000000704400000, 0x0000000704400000| Untracked 
|  11|0x0000000704500000, 0x0000000704500000, 0x0000000704600000|  0%| F|  |TAMS 0x0000000704500000, 0x0000000704500000| Untracked 
|  12|0x0000000704600000, 0x0000000704600000, 0x0000000704700000|  0%| F|  |TAMS 0x0000000704600000, 0x0000000704600000| Untracked 
|  13|0x0000000704700000, 0x0000000704700000, 0x0000000704800000|  0%| F|  |TAMS 0x0000000704700000, 0x0000000704700000| Untracked 
|  14|0x0000000704800000, 0x0000000704800000, 0x0000000704900000|  0%| F|  |TAMS 0x0000000704800000, 0x0000000704800000| Untracked 
|  15|0x0000000704900000, 0x0000000704900000, 0x0000000704a00000|  0%| F|  |TAMS 0x0000000704900000, 0x0000000704900000| Untracked 
|  16|0x0000000704a00000, 0x0000000704a00000, 0x0000000704b00000|  0%| F|  |TAMS 0x0000000704a00000, 0x0000000704a00000| Untracked 
|  17|0x0000000704b00000, 0x0000000704b00000, 0x0000000704c00000|  0%| F|  |TAMS 0x0000000704b00000, 0x0000000704b00000| Untracked 
|  18|0x0000000704c00000, 0x0000000704c00000, 0x0000000704d00000|  0%| F|  |TAMS 0x0000000704c00000, 0x0000000704c00000| Untracked 
|  19|0x0000000704d00000, 0x0000000704d00000, 0x0000000704e00000|  0%| F|  |TAMS 0x0000000704d00000, 0x0000000704d00000| Untracked 
|  20|0x0000000704e00000, 0x0000000704e00000, 0x0000000704f00000|  0%| F|  |TAMS 0x0000000704e00000, 0x0000000704e00000| Untracked 
|  21|0x0000000704f00000, 0x0000000704f00000, 0x0000000705000000|  0%| F|  |TAMS 0x0000000704f00000, 0x0000000704f00000| Untracked 
|  22|0x0000000705000000, 0x0000000705000000, 0x0000000705100000|  0%| F|  |TAMS 0x0000000705000000, 0x0000000705000000| Untracked 
|  23|0x0000000705100000, 0x0000000705100000, 0x0000000705200000|  0%| F|  |TAMS 0x0000000705100000, 0x0000000705100000| Untracked 
|  24|0x0000000705200000, 0x0000000705200000, 0x0000000705300000|  0%| F|  |TAMS 0x0000000705200000, 0x0000000705200000| Untracked 
|  25|0x0000000705300000, 0x0000000705300000, 0x0000000705400000|  0%| F|  |TAMS 0x0000000705300000, 0x0000000705300000| Untracked 
|  26|0x0000000705400000, 0x0000000705400000, 0x0000000705500000|  0%| F|  |TAMS 0x0000000705400000, 0x0000000705400000| Untracked 
|  27|0x0000000705500000, 0x0000000705500000, 0x0000000705600000|  0%| F|  |TAMS 0x0000000705500000, 0x0000000705500000| Untracked 
|  28|0x0000000705600000, 0x0000000705600000, 0x0000000705700000|  0%| F|  |TAMS 0x0000000705600000, 0x0000000705600000| Untracked 
|  29|0x0000000705700000, 0x0000000705700000, 0x0000000705800000|  0%| F|  |TAMS 0x0000000705700000, 0x0000000705700000| Untracked 
|  30|0x0000000705800000, 0x0000000705800000, 0x0000000705900000|  0%| F|  |TAMS 0x0000000705800000, 0x0000000705800000| Untracked 
|  31|0x0000000705900000, 0x0000000705900000, 0x0000000705a00000|  0%| F|  |TAMS 0x0000000705900000, 0x0000000705900000| Untracked 
|  32|0x0000000705a00000, 0x0000000705a00000, 0x0000000705b00000|  0%| F|  |TAMS 0x0000000705a00000, 0x0000000705a00000| Untracked 
|  33|0x0000000705b00000, 0x0000000705b00000, 0x0000000705c00000|  0%| F|  |TAMS 0x0000000705b00000, 0x0000000705b00000| Untracked 
|  34|0x0000000705c00000, 0x0000000705c00000, 0x0000000705d00000|  0%| F|  |TAMS 0x0000000705c00000, 0x0000000705c00000| Untracked 
|  35|0x0000000705d00000, 0x0000000705d00000, 0x0000000705e00000|  0%| F|  |TAMS 0x0000000705d00000, 0x0000000705d00000| Untracked 
|  36|0x0000000705e00000, 0x0000000705e00000, 0x0000000705f00000|  0%| F|  |TAMS 0x0000000705e00000, 0x0000000705e00000| Untracked 
|  37|0x0000000705f00000, 0x0000000705f00000, 0x0000000706000000|  0%| F|  |TAMS 0x0000000705f00000, 0x0000000705f00000| Untracked 
|  38|0x0000000706000000, 0x0000000706000000, 0x0000000706100000|  0%| F|  |TAMS 0x0000000706000000, 0x0000000706000000| Untracked 
|  39|0x0000000706100000, 0x0000000706100000, 0x0000000706200000|  0%| F|  |TAMS 0x0000000706100000, 0x0000000706100000| Untracked 
|  40|0x0000000706200000, 0x0000000706200000, 0x0000000706300000|  0%| F|  |TAMS 0x0000000706200000, 0x0000000706200000| Untracked 
|  41|0x0000000706300000, 0x0000000706300000, 0x0000000706400000|  0%| F|  |TAMS 0x0000000706300000, 0x0000000706300000| Untracked 
|  42|0x0000000706400000, 0x0000000706400000, 0x0000000706500000|  0%| F|  |TAMS 0x0000000706400000, 0x0000000706400000| Untracked 
|  43|0x0000000706500000, 0x0000000706500000, 0x0000000706600000|  0%| F|  |TAMS 0x0000000706500000, 0x0000000706500000| Untracked 
|  44|0x0000000706600000, 0x0000000706600000, 0x0000000706700000|  0%| F|  |TAMS 0x0000000706600000, 0x0000000706600000| Untracked 
|  45|0x0000000706700000, 0x0000000706700000, 0x0000000706800000|  0%| F|  |TAMS 0x0000000706700000, 0x0000000706700000| Untracked 
|  46|0x0000000706800000, 0x0000000706800000, 0x0000000706900000|  0%| F|  |TAMS 0x0000000706800000, 0x0000000706800000| Untracked 
|  47|0x0000000706900000, 0x0000000706900000, 0x0000000706a00000|  0%| F|  |TAMS 0x0000000706900000, 0x0000000706900000| Untracked 
|  48|0x0000000706a00000, 0x0000000706a00000, 0x0000000706b00000|  0%| F|  |TAMS 0x0000000706a00000, 0x0000000706a00000| Untracked 
|  49|0x0000000706b00000, 0x0000000706b00000, 0x0000000706c00000|  0%| F|  |TAMS 0x0000000706b00000, 0x0000000706b00000| Untracked 
|  50|0x0000000706c00000, 0x0000000706c00000, 0x0000000706d00000|  0%| F|  |TAMS 0x0000000706c00000, 0x0000000706c00000| Untracked 
|  51|0x0000000706d00000, 0x0000000706d00000, 0x0000000706e00000|  0%| F|  |TAMS 0x0000000706d00000, 0x0000000706d00000| Untracked 
|  52|0x0000000706e00000, 0x0000000706e00000, 0x0000000706f00000|  0%| F|  |TAMS 0x0000000706e00000, 0x0000000706e00000| Untracked 
|  53|0x0000000706f00000, 0x0000000706f00000, 0x0000000707000000|  0%| F|  |TAMS 0x0000000706f00000, 0x0000000706f00000| Untracked 
|  54|0x0000000707000000, 0x0000000707000000, 0x0000000707100000|  0%| F|  |TAMS 0x0000000707000000, 0x0000000707000000| Untracked 
|  55|0x0000000707100000, 0x0000000707100000, 0x0000000707200000|  0%| F|  |TAMS 0x0000000707100000, 0x0000000707100000| Untracked 
|  56|0x0000000707200000, 0x0000000707200000, 0x0000000707300000|  0%| F|  |TAMS 0x0000000707200000, 0x0000000707200000| Untracked 
|  57|0x0000000707300000, 0x0000000707300000, 0x0000000707400000|  0%| F|  |TAMS 0x0000000707300000, 0x0000000707300000| Untracked 
|  58|0x0000000707400000, 0x0000000707400000, 0x0000000707500000|  0%| F|  |TAMS 0x0000000707400000, 0x0000000707400000| Untracked 
|  59|0x0000000707500000, 0x0000000707500000, 0x0000000707600000|  0%| F|  |TAMS 0x0000000707500000, 0x0000000707500000| Untracked 
|  60|0x0000000707600000, 0x0000000707600000, 0x0000000707700000|  0%| F|  |TAMS 0x0000000707600000, 0x0000000707600000| Untracked 
|  61|0x0000000707700000, 0x0000000707700000, 0x0000000707800000|  0%| F|  |TAMS 0x0000000707700000, 0x0000000707700000| Untracked 
|  62|0x0000000707800000, 0x0000000707800000, 0x0000000707900000|  0%| F|  |TAMS 0x0000000707800000, 0x0000000707800000| Untracked 
|  63|0x0000000707900000, 0x0000000707900000, 0x0000000707a00000|  0%| F|  |TAMS 0x0000000707900000, 0x0000000707900000| Untracked 
|  64|0x0000000707a00000, 0x0000000707a00000, 0x0000000707b00000|  0%| F|  |TAMS 0x0000000707a00000, 0x0000000707a00000| Untracked 
|  65|0x0000000707b00000, 0x0000000707b00000, 0x0000000707c00000|  0%| F|  |TAMS 0x0000000707b00000, 0x0000000707b00000| Untracked 
|  66|0x0000000707c00000, 0x0000000707c00000, 0x0000000707d00000|  0%| F|  |TAMS 0x0000000707c00000, 0x0000000707c00000| Untracked 
|  67|0x0000000707d00000, 0x0000000707d00000, 0x0000000707e00000|  0%| F|  |TAMS 0x0000000707d00000, 0x0000000707d00000| Untracked 
|  68|0x0000000707e00000, 0x0000000707e00000, 0x0000000707f00000|  0%| F|  |TAMS 0x0000000707e00000, 0x0000000707e00000| Untracked 
|  69|0x0000000707f00000, 0x0000000707f00000, 0x0000000708000000|  0%| F|  |TAMS 0x0000000707f00000, 0x0000000707f00000| Untracked 
|  70|0x0000000708000000, 0x0000000708000000, 0x0000000708100000|  0%| F|  |TAMS 0x0000000708000000, 0x0000000708000000| Untracked 
|  71|0x0000000708100000, 0x0000000708100000, 0x0000000708200000|  0%| F|  |TAMS 0x0000000708100000, 0x0000000708100000| Untracked 
|  72|0x0000000708200000, 0x0000000708200000, 0x0000000708300000|  0%| F|  |TAMS 0x0000000708200000, 0x0000000708200000| Untracked 
|  73|0x0000000708300000, 0x0000000708300000, 0x0000000708400000|  0%| F|  |TAMS 0x0000000708300000, 0x0000000708300000| Untracked 
|  74|0x0000000708400000, 0x0000000708400000, 0x0000000708500000|  0%| F|  |TAMS 0x0000000708400000, 0x0000000708400000| Untracked 
|  75|0x0000000708500000, 0x0000000708500000, 0x0000000708600000|  0%| F|  |TAMS 0x0000000708500000, 0x0000000708500000| Untracked 
|  76|0x0000000708600000, 0x0000000708600000, 0x0000000708700000|  0%| F|  |TAMS 0x0000000708600000, 0x0000000708600000| Untracked 
|  77|0x0000000708700000, 0x0000000708700000, 0x0000000708800000|  0%| F|  |TAMS 0x0000000708700000, 0x0000000708700000| Untracked 
|  78|0x0000000708800000, 0x0000000708800000, 0x0000000708900000|  0%| F|  |TAMS 0x0000000708800000, 0x0000000708800000| Untracked 
|  79|0x0000000708900000, 0x0000000708900000, 0x0000000708a00000|  0%| F|  |TAMS 0x0000000708900000, 0x0000000708900000| Untracked 
|  80|0x0000000708a00000, 0x0000000708a00000, 0x0000000708b00000|  0%| F|  |TAMS 0x0000000708a00000, 0x0000000708a00000| Untracked 
|  81|0x0000000708b00000, 0x0000000708b00000, 0x0000000708c00000|  0%| F|  |TAMS 0x0000000708b00000, 0x0000000708b00000| Untracked 
|  82|0x0000000708c00000, 0x0000000708c00000, 0x0000000708d00000|  0%| F|  |TAMS 0x0000000708c00000, 0x0000000708c00000| Untracked 
|  83|0x0000000708d00000, 0x0000000708d00000, 0x0000000708e00000|  0%| F|  |TAMS 0x0000000708d00000, 0x0000000708d00000| Untracked 
|  84|0x0000000708e00000, 0x0000000708e00000, 0x0000000708f00000|  0%| F|  |TAMS 0x0000000708e00000, 0x0000000708e00000| Untracked 
|  85|0x0000000708f00000, 0x0000000708f00000, 0x0000000709000000|  0%| F|  |TAMS 0x0000000708f00000, 0x0000000708f00000| Untracked 
|  86|0x0000000709000000, 0x0000000709000000, 0x0000000709100000|  0%| F|  |TAMS 0x0000000709000000, 0x0000000709000000| Untracked 
|  87|0x0000000709100000, 0x0000000709100000, 0x0000000709200000|  0%| F|  |TAMS 0x0000000709100000, 0x0000000709100000| Untracked 
|  88|0x0000000709200000, 0x0000000709200000, 0x0000000709300000|  0%| F|  |TAMS 0x0000000709200000, 0x0000000709200000| Untracked 
|  89|0x0000000709300000, 0x0000000709300000, 0x0000000709400000|  0%| F|  |TAMS 0x0000000709300000, 0x0000000709300000| Untracked 
|  90|0x0000000709400000, 0x0000000709400000, 0x0000000709500000|  0%| F|  |TAMS 0x0000000709400000, 0x0000000709400000| Untracked 
|  91|0x0000000709500000, 0x0000000709500000, 0x0000000709600000|  0%| F|  |TAMS 0x0000000709500000, 0x0000000709500000| Untracked 
|  92|0x0000000709600000, 0x0000000709600000, 0x0000000709700000|  0%| F|  |TAMS 0x0000000709600000, 0x0000000709600000| Untracked 
|  93|0x0000000709700000, 0x0000000709700000, 0x0000000709800000|  0%| F|  |TAMS 0x0000000709700000, 0x0000000709700000| Untracked 
|  94|0x0000000709800000, 0x0000000709800000, 0x0000000709900000|  0%| F|  |TAMS 0x0000000709800000, 0x0000000709800000| Untracked 
|  95|0x0000000709900000, 0x0000000709900000, 0x0000000709a00000|  0%| F|  |TAMS 0x0000000709900000, 0x0000000709900000| Untracked 
|  96|0x0000000709a00000, 0x0000000709a00000, 0x0000000709b00000|  0%| F|  |TAMS 0x0000000709a00000, 0x0000000709a00000| Untracked 
|  97|0x0000000709b00000, 0x0000000709b00000, 0x0000000709c00000|  0%| F|  |TAMS 0x0000000709b00000, 0x0000000709b00000| Untracked 
|  98|0x0000000709c00000, 0x0000000709c00000, 0x0000000709d00000|  0%| F|  |TAMS 0x0000000709c00000, 0x0000000709c00000| Untracked 
|  99|0x0000000709d00000, 0x0000000709d00000, 0x0000000709e00000|  0%| F|  |TAMS 0x0000000709d00000, 0x0000000709d00000| Untracked 
| 100|0x0000000709e00000, 0x0000000709e00000, 0x0000000709f00000|  0%| F|  |TAMS 0x0000000709e00000, 0x0000000709e00000| Untracked 
| 101|0x0000000709f00000, 0x0000000709f00000, 0x000000070a000000|  0%| F|  |TAMS 0x0000000709f00000, 0x0000000709f00000| Untracked 
| 102|0x000000070a000000, 0x000000070a000000, 0x000000070a100000|  0%| F|  |TAMS 0x000000070a000000, 0x000000070a000000| Untracked 
| 103|0x000000070a100000, 0x000000070a100000, 0x000000070a200000|  0%| F|  |TAMS 0x000000070a100000, 0x000000070a100000| Untracked 
| 104|0x000000070a200000, 0x000000070a200000, 0x000000070a300000|  0%| F|  |TAMS 0x000000070a200000, 0x000000070a200000| Untracked 
| 105|0x000000070a300000, 0x000000070a300000, 0x000000070a400000|  0%| F|  |TAMS 0x000000070a300000, 0x000000070a300000| Untracked 
| 106|0x000000070a400000, 0x000000070a400000, 0x000000070a500000|  0%| F|  |TAMS 0x000000070a400000, 0x000000070a400000| Untracked 
| 107|0x000000070a500000, 0x000000070a500000, 0x000000070a600000|  0%| F|  |TAMS 0x000000070a500000, 0x000000070a500000| Untracked 
| 108|0x000000070a600000, 0x000000070a600000, 0x000000070a700000|  0%| F|  |TAMS 0x000000070a600000, 0x000000070a600000| Untracked 
| 109|0x000000070a700000, 0x000000070a700000, 0x000000070a800000|  0%| F|  |TAMS 0x000000070a700000, 0x000000070a700000| Untracked 
| 110|0x000000070a800000, 0x000000070a800000, 0x000000070a900000|  0%| F|  |TAMS 0x000000070a800000, 0x000000070a800000| Untracked 
| 111|0x000000070a900000, 0x000000070a900000, 0x000000070aa00000|  0%| F|  |TAMS 0x000000070a900000, 0x000000070a900000| Untracked 
| 112|0x000000070aa00000, 0x000000070aa00000, 0x000000070ab00000|  0%| F|  |TAMS 0x000000070aa00000, 0x000000070aa00000| Untracked 
| 113|0x000000070ab00000, 0x000000070ab00000, 0x000000070ac00000|  0%| F|  |TAMS 0x000000070ab00000, 0x000000070ab00000| Untracked 
| 114|0x000000070ac00000, 0x000000070ac00000, 0x000000070ad00000|  0%| F|  |TAMS 0x000000070ac00000, 0x000000070ac00000| Untracked 
| 115|0x000000070ad00000, 0x000000070ad00000, 0x000000070ae00000|  0%| F|  |TAMS 0x000000070ad00000, 0x000000070ad00000| Untracked 
| 116|0x000000070ae00000, 0x000000070ae00000, 0x000000070af00000|  0%| F|  |TAMS 0x000000070ae00000, 0x000000070ae00000| Untracked 
| 117|0x000000070af00000, 0x000000070af00000, 0x000000070b000000|  0%| F|  |TAMS 0x000000070af00000, 0x000000070af00000| Untracked 
| 118|0x000000070b000000, 0x000000070b000000, 0x000000070b100000|  0%| F|  |TAMS 0x000000070b000000, 0x000000070b000000| Untracked 
| 119|0x000000070b100000, 0x000000070b100000, 0x000000070b200000|  0%| F|  |TAMS 0x000000070b100000, 0x000000070b100000| Untracked 
| 120|0x000000070b200000, 0x000000070b200000, 0x000000070b300000|  0%| F|  |TAMS 0x000000070b200000, 0x000000070b200000| Untracked 
| 121|0x000000070b300000, 0x000000070b300000, 0x000000070b400000|  0%| F|  |TAMS 0x000000070b300000, 0x000000070b300000| Untracked 
| 122|0x000000070b400000, 0x000000070b400000, 0x000000070b500000|  0%| F|  |TAMS 0x000000070b400000, 0x000000070b400000| Untracked 
| 123|0x000000070b500000, 0x000000070b500000, 0x000000070b600000|  0%| F|  |TAMS 0x000000070b500000, 0x000000070b500000| Untracked 
| 124|0x000000070b600000, 0x000000070b600000, 0x000000070b700000|  0%| F|  |TAMS 0x000000070b600000, 0x000000070b600000| Untracked 
| 125|0x000000070b700000, 0x000000070b700000, 0x000000070b800000|  0%| F|  |TAMS 0x000000070b700000, 0x000000070b700000| Untracked 
| 126|0x000000070b800000, 0x000000070b800000, 0x000000070b900000|  0%| F|  |TAMS 0x000000070b800000, 0x000000070b800000| Untracked 
| 127|0x000000070b900000, 0x000000070b900000, 0x000000070ba00000|  0%| F|  |TAMS 0x000000070b900000, 0x000000070b900000| Untracked 
| 128|0x000000070ba00000, 0x000000070ba00000, 0x000000070bb00000|  0%| F|  |TAMS 0x000000070ba00000, 0x000000070ba00000| Untracked 
| 129|0x000000070bb00000, 0x000000070bb00000, 0x000000070bc00000|  0%| F|  |TAMS 0x000000070bb00000, 0x000000070bb00000| Untracked 
| 130|0x000000070bc00000, 0x000000070bc00000, 0x000000070bd00000|  0%| F|  |TAMS 0x000000070bc00000, 0x000000070bc00000| Untracked 
| 131|0x000000070bd00000, 0x000000070bd00000, 0x000000070be00000|  0%| F|  |TAMS 0x000000070bd00000, 0x000000070bd00000| Untracked 
| 132|0x000000070be00000, 0x000000070be00000, 0x000000070bf00000|  0%| F|  |TAMS 0x000000070be00000, 0x000000070be00000| Untracked 
| 133|0x000000070bf00000, 0x000000070bf00000, 0x000000070c000000|  0%| F|  |TAMS 0x000000070bf00000, 0x000000070bf00000| Untracked 
| 134|0x000000070c000000, 0x000000070c000000, 0x000000070c100000|  0%| F|  |TAMS 0x000000070c000000, 0x000000070c000000| Untracked 
| 135|0x000000070c100000, 0x000000070c100000, 0x000000070c200000|  0%| F|  |TAMS 0x000000070c100000, 0x000000070c100000| Untracked 
| 136|0x000000070c200000, 0x000000070c200000, 0x000000070c300000|  0%| F|  |TAMS 0x000000070c200000, 0x000000070c200000| Untracked 
| 137|0x000000070c300000, 0x000000070c300000, 0x000000070c400000|  0%| F|  |TAMS 0x000000070c300000, 0x000000070c300000| Untracked 
| 138|0x000000070c400000, 0x000000070c400000, 0x000000070c500000|  0%| F|  |TAMS 0x000000070c400000, 0x000000070c400000| Untracked 
| 139|0x000000070c500000, 0x000000070c500000, 0x000000070c600000|  0%| F|  |TAMS 0x000000070c500000, 0x000000070c500000| Untracked 
| 140|0x000000070c600000, 0x000000070c600000, 0x000000070c700000|  0%| F|  |TAMS 0x000000070c600000, 0x000000070c600000| Untracked 
| 141|0x000000070c700000, 0x000000070c700000, 0x000000070c800000|  0%| F|  |TAMS 0x000000070c700000, 0x000000070c700000| Untracked 
| 142|0x000000070c800000, 0x000000070c800000, 0x000000070c900000|  0%| F|  |TAMS 0x000000070c800000, 0x000000070c800000| Untracked 
| 143|0x000000070c900000, 0x000000070c900000, 0x000000070ca00000|  0%| F|  |TAMS 0x000000070c900000, 0x000000070c900000| Untracked 
| 144|0x000000070ca00000, 0x000000070ca00000, 0x000000070cb00000|  0%| F|  |TAMS 0x000000070ca00000, 0x000000070ca00000| Untracked 
| 145|0x000000070cb00000, 0x000000070cb00000, 0x000000070cc00000|  0%| F|  |TAMS 0x000000070cb00000, 0x000000070cb00000| Untracked 
| 146|0x000000070cc00000, 0x000000070cc00000, 0x000000070cd00000|  0%| F|  |TAMS 0x000000070cc00000, 0x000000070cc00000| Untracked 
| 147|0x000000070cd00000, 0x000000070cd00000, 0x000000070ce00000|  0%| F|  |TAMS 0x000000070cd00000, 0x000000070cd00000| Untracked 
| 148|0x000000070ce00000, 0x000000070ce00000, 0x000000070cf00000|  0%| F|  |TAMS 0x000000070ce00000, 0x000000070ce00000| Untracked 
| 149|0x000000070cf00000, 0x000000070cf00000, 0x000000070d000000|  0%| F|  |TAMS 0x000000070cf00000, 0x000000070cf00000| Untracked 
| 150|0x000000070d000000, 0x000000070d000000, 0x000000070d100000|  0%| F|  |TAMS 0x000000070d000000, 0x000000070d000000| Untracked 
| 151|0x000000070d100000, 0x000000070d100000, 0x000000070d200000|  0%| F|  |TAMS 0x000000070d100000, 0x000000070d100000| Untracked 
| 152|0x000000070d200000, 0x000000070d200000, 0x000000070d300000|  0%| F|  |TAMS 0x000000070d200000, 0x000000070d200000| Untracked 
| 153|0x000000070d300000, 0x000000070d300000, 0x000000070d400000|  0%| F|  |TAMS 0x000000070d300000, 0x000000070d300000| Untracked 
| 154|0x000000070d400000, 0x000000070d400000, 0x000000070d500000|  0%| F|  |TAMS 0x000000070d400000, 0x000000070d400000| Untracked 
| 155|0x000000070d500000, 0x000000070d500000, 0x000000070d600000|  0%| F|  |TAMS 0x000000070d500000, 0x000000070d500000| Untracked 
| 156|0x000000070d600000, 0x000000070d600000, 0x000000070d700000|  0%| F|  |TAMS 0x000000070d600000, 0x000000070d600000| Untracked 
| 157|0x000000070d700000, 0x000000070d700000, 0x000000070d800000|  0%| F|  |TAMS 0x000000070d700000, 0x000000070d700000| Untracked 
| 158|0x000000070d800000, 0x000000070d800000, 0x000000070d900000|  0%| F|  |TAMS 0x000000070d800000, 0x000000070d800000| Untracked 
| 159|0x000000070d900000, 0x000000070d900000, 0x000000070da00000|  0%| F|  |TAMS 0x000000070d900000, 0x000000070d900000| Untracked 
| 160|0x000000070da00000, 0x000000070da00000, 0x000000070db00000|  0%| F|  |TAMS 0x000000070da00000, 0x000000070da00000| Untracked 
| 161|0x000000070db00000, 0x000000070db00000, 0x000000070dc00000|  0%| F|  |TAMS 0x000000070db00000, 0x000000070db00000| Untracked 
| 162|0x000000070dc00000, 0x000000070dc00000, 0x000000070dd00000|  0%| F|  |TAMS 0x000000070dc00000, 0x000000070dc00000| Untracked 
| 163|0x000000070dd00000, 0x000000070dd00000, 0x000000070de00000|  0%| F|  |TAMS 0x000000070dd00000, 0x000000070dd00000| Untracked 
| 164|0x000000070de00000, 0x000000070de00000, 0x000000070df00000|  0%| F|  |TAMS 0x000000070de00000, 0x000000070de00000| Untracked 
| 165|0x000000070df00000, 0x000000070df00000, 0x000000070e000000|  0%| F|  |TAMS 0x000000070df00000, 0x000000070df00000| Untracked 
| 166|0x000000070e000000, 0x000000070e000000, 0x000000070e100000|  0%| F|  |TAMS 0x000000070e000000, 0x000000070e000000| Untracked 
| 167|0x000000070e100000, 0x000000070e100000, 0x000000070e200000|  0%| F|  |TAMS 0x000000070e100000, 0x000000070e100000| Untracked 
| 168|0x000000070e200000, 0x000000070e200000, 0x000000070e300000|  0%| F|  |TAMS 0x000000070e200000, 0x000000070e200000| Untracked 
| 169|0x000000070e300000, 0x000000070e300000, 0x000000070e400000|  0%| F|  |TAMS 0x000000070e300000, 0x000000070e300000| Untracked 
| 170|0x000000070e400000, 0x000000070e400000, 0x000000070e500000|  0%| F|  |TAMS 0x000000070e400000, 0x000000070e400000| Untracked 
| 171|0x000000070e500000, 0x000000070e500000, 0x000000070e600000|  0%| F|  |TAMS 0x000000070e500000, 0x000000070e500000| Untracked 
| 172|0x000000070e600000, 0x000000070e600000, 0x000000070e700000|  0%| F|  |TAMS 0x000000070e600000, 0x000000070e600000| Untracked 
| 173|0x000000070e700000, 0x000000070e700000, 0x000000070e800000|  0%| F|  |TAMS 0x000000070e700000, 0x000000070e700000| Untracked 
| 174|0x000000070e800000, 0x000000070e800000, 0x000000070e900000|  0%| F|  |TAMS 0x000000070e800000, 0x000000070e800000| Untracked 
| 175|0x000000070e900000, 0x000000070e900000, 0x000000070ea00000|  0%| F|  |TAMS 0x000000070e900000, 0x000000070e900000| Untracked 
| 176|0x000000070ea00000, 0x000000070ea00000, 0x000000070eb00000|  0%| F|  |TAMS 0x000000070ea00000, 0x000000070ea00000| Untracked 
| 177|0x000000070eb00000, 0x000000070eb00000, 0x000000070ec00000|  0%| F|  |TAMS 0x000000070eb00000, 0x000000070eb00000| Untracked 
| 178|0x000000070ec00000, 0x000000070ec00000, 0x000000070ed00000|  0%| F|  |TAMS 0x000000070ec00000, 0x000000070ec00000| Untracked 
| 179|0x000000070ed00000, 0x000000070ed00000, 0x000000070ee00000|  0%| F|  |TAMS 0x000000070ed00000, 0x000000070ed00000| Untracked 
| 180|0x000000070ee00000, 0x000000070ee00000, 0x000000070ef00000|  0%| F|  |TAMS 0x000000070ee00000, 0x000000070ee00000| Untracked 
| 181|0x000000070ef00000, 0x000000070ef00000, 0x000000070f000000|  0%| F|  |TAMS 0x000000070ef00000, 0x000000070ef00000| Untracked 
| 182|0x000000070f000000, 0x000000070f000000, 0x000000070f100000|  0%| F|  |TAMS 0x000000070f000000, 0x000000070f000000| Untracked 
| 183|0x000000070f100000, 0x000000070f100000, 0x000000070f200000|  0%| F|  |TAMS 0x000000070f100000, 0x000000070f100000| Untracked 
| 184|0x000000070f200000, 0x000000070f200000, 0x000000070f300000|  0%| F|  |TAMS 0x000000070f200000, 0x000000070f200000| Untracked 
| 185|0x000000070f300000, 0x000000070f300000, 0x000000070f400000|  0%| F|  |TAMS 0x000000070f300000, 0x000000070f300000| Untracked 
| 186|0x000000070f400000, 0x000000070f400000, 0x000000070f500000|  0%| F|  |TAMS 0x000000070f400000, 0x000000070f400000| Untracked 
| 187|0x000000070f500000, 0x000000070f500000, 0x000000070f600000|  0%| F|  |TAMS 0x000000070f500000, 0x000000070f500000| Untracked 
| 188|0x000000070f600000, 0x000000070f600000, 0x000000070f700000|  0%| F|  |TAMS 0x000000070f600000, 0x000000070f600000| Untracked 
| 189|0x000000070f700000, 0x000000070f700000, 0x000000070f800000|  0%| F|  |TAMS 0x000000070f700000, 0x000000070f700000| Untracked 
| 190|0x000000070f800000, 0x000000070f800000, 0x000000070f900000|  0%| F|  |TAMS 0x000000070f800000, 0x000000070f800000| Untracked 
| 191|0x000000070f900000, 0x000000070f900000, 0x000000070fa00000|  0%| F|  |TAMS 0x000000070f900000, 0x000000070f900000| Untracked 
| 192|0x000000070fa00000, 0x000000070fa00000, 0x000000070fb00000|  0%| F|  |TAMS 0x000000070fa00000, 0x000000070fa00000| Untracked 
| 193|0x000000070fb00000, 0x000000070fb00000, 0x000000070fc00000|  0%| F|  |TAMS 0x000000070fb00000, 0x000000070fb00000| Untracked 
| 194|0x000000070fc00000, 0x000000070fc00000, 0x000000070fd00000|  0%| F|  |TAMS 0x000000070fc00000, 0x000000070fc00000| Untracked 
| 195|0x000000070fd00000, 0x000000070fd00000, 0x000000070fe00000|  0%| F|  |TAMS 0x000000070fd00000, 0x000000070fd00000| Untracked 
| 196|0x000000070fe00000, 0x000000070fe00000, 0x000000070ff00000|  0%| F|  |TAMS 0x000000070fe00000, 0x000000070fe00000| Untracked 
| 197|0x000000070ff00000, 0x000000070ff00000, 0x0000000710000000|  0%| F|  |TAMS 0x000000070ff00000, 0x000000070ff00000| Untracked 
| 198|0x0000000710000000, 0x0000000710000000, 0x0000000710100000|  0%| F|  |TAMS 0x0000000710000000, 0x0000000710000000| Untracked 
| 199|0x0000000710100000, 0x0000000710100000, 0x0000000710200000|  0%| F|  |TAMS 0x0000000710100000, 0x0000000710100000| Untracked 
| 200|0x0000000710200000, 0x0000000710200000, 0x0000000710300000|  0%| F|  |TAMS 0x0000000710200000, 0x0000000710200000| Untracked 
| 201|0x0000000710300000, 0x0000000710300000, 0x0000000710400000|  0%| F|  |TAMS 0x0000000710300000, 0x0000000710300000| Untracked 
| 202|0x0000000710400000, 0x0000000710400000, 0x0000000710500000|  0%| F|  |TAMS 0x0000000710400000, 0x0000000710400000| Untracked 
| 203|0x0000000710500000, 0x0000000710500000, 0x0000000710600000|  0%| F|  |TAMS 0x0000000710500000, 0x0000000710500000| Untracked 
| 204|0x0000000710600000, 0x0000000710600000, 0x0000000710700000|  0%| F|  |TAMS 0x0000000710600000, 0x0000000710600000| Untracked 
| 205|0x0000000710700000, 0x0000000710700000, 0x0000000710800000|  0%| F|  |TAMS 0x0000000710700000, 0x0000000710700000| Untracked 
| 206|0x0000000710800000, 0x0000000710800000, 0x0000000710900000|  0%| F|  |TAMS 0x0000000710800000, 0x0000000710800000| Untracked 
| 207|0x0000000710900000, 0x0000000710900000, 0x0000000710a00000|  0%| F|  |TAMS 0x0000000710900000, 0x0000000710900000| Untracked 
| 208|0x0000000710a00000, 0x0000000710a00000, 0x0000000710b00000|  0%| F|  |TAMS 0x0000000710a00000, 0x0000000710a00000| Untracked 
| 209|0x0000000710b00000, 0x0000000710b00000, 0x0000000710c00000|  0%| F|  |TAMS 0x0000000710b00000, 0x0000000710b00000| Untracked 
| 210|0x0000000710c00000, 0x0000000710c00000, 0x0000000710d00000|  0%| F|  |TAMS 0x0000000710c00000, 0x0000000710c00000| Untracked 
| 211|0x0000000710d00000, 0x0000000710d00000, 0x0000000710e00000|  0%| F|  |TAMS 0x0000000710d00000, 0x0000000710d00000| Untracked 
| 212|0x0000000710e00000, 0x0000000710e00000, 0x0000000710f00000|  0%| F|  |TAMS 0x0000000710e00000, 0x0000000710e00000| Untracked 
| 213|0x0000000710f00000, 0x0000000710f00000, 0x0000000711000000|  0%| F|  |TAMS 0x0000000710f00000, 0x0000000710f00000| Untracked 
| 214|0x0000000711000000, 0x0000000711000000, 0x0000000711100000|  0%| F|  |TAMS 0x0000000711000000, 0x0000000711000000| Untracked 
| 215|0x0000000711100000, 0x0000000711100000, 0x0000000711200000|  0%| F|  |TAMS 0x0000000711100000, 0x0000000711100000| Untracked 
| 216|0x0000000711200000, 0x0000000711200000, 0x0000000711300000|  0%| F|  |TAMS 0x0000000711200000, 0x0000000711200000| Untracked 
| 217|0x0000000711300000, 0x0000000711300000, 0x0000000711400000|  0%| F|  |TAMS 0x0000000711300000, 0x0000000711300000| Untracked 
| 218|0x0000000711400000, 0x0000000711400000, 0x0000000711500000|  0%| F|  |TAMS 0x0000000711400000, 0x0000000711400000| Untracked 
| 219|0x0000000711500000, 0x0000000711500000, 0x0000000711600000|  0%| F|  |TAMS 0x0000000711500000, 0x0000000711500000| Untracked 
| 220|0x0000000711600000, 0x0000000711600000, 0x0000000711700000|  0%| F|  |TAMS 0x0000000711600000, 0x0000000711600000| Untracked 
| 221|0x0000000711700000, 0x0000000711700000, 0x0000000711800000|  0%| F|  |TAMS 0x0000000711700000, 0x0000000711700000| Untracked 
| 222|0x0000000711800000, 0x0000000711800000, 0x0000000711900000|  0%| F|  |TAMS 0x0000000711800000, 0x0000000711800000| Untracked 
| 223|0x0000000711900000, 0x0000000711900000, 0x0000000711a00000|  0%| F|  |TAMS 0x0000000711900000, 0x0000000711900000| Untracked 
| 224|0x0000000711a00000, 0x0000000711a00000, 0x0000000711b00000|  0%| F|  |TAMS 0x0000000711a00000, 0x0000000711a00000| Untracked 
| 225|0x0000000711b00000, 0x0000000711b00000, 0x0000000711c00000|  0%| F|  |TAMS 0x0000000711b00000, 0x0000000711b00000| Untracked 
| 226|0x0000000711c00000, 0x0000000711c00000, 0x0000000711d00000|  0%| F|  |TAMS 0x0000000711c00000, 0x0000000711c00000| Untracked 
| 227|0x0000000711d00000, 0x0000000711d00000, 0x0000000711e00000|  0%| F|  |TAMS 0x0000000711d00000, 0x0000000711d00000| Untracked 
| 228|0x0000000711e00000, 0x0000000711e00000, 0x0000000711f00000|  0%| F|  |TAMS 0x0000000711e00000, 0x0000000711e00000| Untracked 
| 229|0x0000000711f00000, 0x0000000711f00000, 0x0000000712000000|  0%| F|  |TAMS 0x0000000711f00000, 0x0000000711f00000| Untracked 
| 230|0x0000000712000000, 0x0000000712000000, 0x0000000712100000|  0%| F|  |TAMS 0x0000000712000000, 0x0000000712000000| Untracked 
| 231|0x0000000712100000, 0x0000000712100000, 0x0000000712200000|  0%| F|  |TAMS 0x0000000712100000, 0x0000000712100000| Untracked 
| 232|0x0000000712200000, 0x0000000712200000, 0x0000000712300000|  0%| F|  |TAMS 0x0000000712200000, 0x0000000712200000| Untracked 
| 233|0x0000000712300000, 0x0000000712300000, 0x0000000712400000|  0%| F|  |TAMS 0x0000000712300000, 0x0000000712300000| Untracked 
| 234|0x0000000712400000, 0x0000000712400000, 0x0000000712500000|  0%| F|  |TAMS 0x0000000712400000, 0x0000000712400000| Untracked 
| 235|0x0000000712500000, 0x0000000712500000, 0x0000000712600000|  0%| F|  |TAMS 0x0000000712500000, 0x0000000712500000| Untracked 
| 236|0x0000000712600000, 0x0000000712600000, 0x0000000712700000|  0%| F|  |TAMS 0x0000000712600000, 0x0000000712600000| Untracked 
| 237|0x0000000712700000, 0x0000000712700000, 0x0000000712800000|  0%| F|  |TAMS 0x0000000712700000, 0x0000000712700000| Untracked 
| 238|0x0000000712800000, 0x0000000712800000, 0x0000000712900000|  0%| F|  |TAMS 0x0000000712800000, 0x0000000712800000| Untracked 
| 239|0x0000000712900000, 0x0000000712900000, 0x0000000712a00000|  0%| F|  |TAMS 0x0000000712900000, 0x0000000712900000| Untracked 
| 240|0x0000000712a00000, 0x0000000712a00000, 0x0000000712b00000|  0%| F|  |TAMS 0x0000000712a00000, 0x0000000712a00000| Untracked 
| 241|0x0000000712b00000, 0x0000000712b00000, 0x0000000712c00000|  0%| F|  |TAMS 0x0000000712b00000, 0x0000000712b00000| Untracked 
| 242|0x0000000712c00000, 0x0000000712c21208, 0x0000000712d00000| 12%| S|CS|TAMS 0x0000000712c00000, 0x0000000712c00000| Complete 
| 243|0x0000000712d00000, 0x0000000712e00000, 0x0000000712e00000|100%| S|CS|TAMS 0x0000000712d00000, 0x0000000712d00000| Complete 
| 244|0x0000000712e00000, 0x0000000712e00000, 0x0000000712f00000|  0%| F|  |TAMS 0x0000000712e00000, 0x0000000712e00000| Untracked 
| 245|0x0000000712f00000, 0x0000000712f00000, 0x0000000713000000|  0%| F|  |TAMS 0x0000000712f00000, 0x0000000712f00000| Untracked 
| 246|0x0000000713000000, 0x0000000713000000, 0x0000000713100000|  0%| F|  |TAMS 0x0000000713000000, 0x0000000713000000| Untracked 
| 247|0x0000000713100000, 0x0000000713100000, 0x0000000713200000|  0%| F|  |TAMS 0x0000000713100000, 0x0000000713100000| Untracked 
| 248|0x0000000713200000, 0x0000000713200000, 0x0000000713300000|  0%| F|  |TAMS 0x0000000713200000, 0x0000000713200000| Untracked 
| 249|0x0000000713300000, 0x0000000713300000, 0x0000000713400000|  0%| F|  |TAMS 0x0000000713300000, 0x0000000713300000| Untracked 
| 250|0x0000000713400000, 0x0000000713400000, 0x0000000713500000|  0%| F|  |TAMS 0x0000000713400000, 0x0000000713400000| Untracked 
| 251|0x0000000713500000, 0x0000000713500000, 0x0000000713600000|  0%| F|  |TAMS 0x0000000713500000, 0x0000000713500000| Untracked 
| 252|0x0000000713600000, 0x0000000713654238, 0x0000000713700000| 32%| E|  |TAMS 0x0000000713600000, 0x0000000713600000| Complete 
| 253|0x0000000713700000, 0x0000000713800000, 0x0000000713800000|100%| E|CS|TAMS 0x0000000713700000, 0x0000000713700000| Complete 

Card table byte_map: [0x0000018dc2710000,0x0000018dc2f00000] _byte_map_base: 0x0000018dbeef3000

Marking Bits (Prev, Next): (CMBitMap*) 0x0000018daa300ff8, (CMBitMap*) 0x0000018daa301030
 Prev Bits: [0x0000018dc36f0000, 0x0000018dc7608000)
 Next Bits: [0x0000018dc7610000, 0x0000018dcb528000)

Polling page: 0x0000018da8120000

Metaspace:

Usage:
  Non-class:     14.34 MB capacity,    14.14 MB ( 99%) used,   162.35 KB (  1%) free+waste,    46.88 KB ( <1%) overhead. 
      Class:      1.70 MB capacity,     1.54 MB ( 91%) used,   141.77 KB (  8%) free+waste,    22.06 KB (  1%) overhead. 
       Both:     16.04 MB capacity,    15.67 MB ( 98%) used,   304.12 KB (  2%) free+waste,    68.94 KB ( <1%) overhead. 

Virtual space:
  Non-class space:       16.00 MB reserved,      14.50 MB ( 91%) committed 
      Class space:        1.00 GB reserved,       1.75 MB ( <1%) committed 
             Both:        1.02 GB reserved,      16.25 MB (  2%) committed 

Chunk freelists:
   Non-Class:  32.00 KB
       Class:  0 bytes
        Both:  32.00 KB

MaxMetaspaceSize: 17179869184.00 GB
CompressedClassSpaceSize: 1.00 GB
Initial GC threshold: 20.80 MB
Current GC threshold: 20.80 MB
CDS: off

CodeHeap 'non-profiled nmethods': size=120000Kb used=469Kb max_used=469Kb free=119530Kb
 bounds [0x0000018dba4a0000, 0x0000018dba710000, 0x0000018dc19d0000]
CodeHeap 'profiled nmethods': size=120000Kb used=2125Kb max_used=2125Kb free=117874Kb
 bounds [0x0000018db2f70000, 0x0000018db31e0000, 0x0000018dba4a0000]
CodeHeap 'non-nmethods': size=5760Kb used=1371Kb max_used=1394Kb free=4388Kb
 bounds [0x0000018db29d0000, 0x0000018db2c40000, 0x0000018db2f70000]
 total_blobs=1699 nmethods=1109 adapters=511
 compilation: enabled
              stopped_count=0, restarted_count=0
 full_count=0

Compilation events (20 events):
Event: 3.009 Thread 0x0000018dcebf7000 nmethod 1100 0x0000018db3175e10 code [0x0000018db3175fe0, 0x0000018db31762f8]
Event: 3.009 Thread 0x0000018dcebf7000 1101       3       java.lang.ClassLoader::compareCerts (201 bytes)
Event: 3.009 Thread 0x0000018dcebf7000 nmethod 1101 0x0000018db3176410 code [0x0000018db3176640, 0x0000018db3176f18]
Event: 3.014 Thread 0x0000018dcebf7000 1102       3       java.lang.invoke.MethodHandles$Lookup::in (168 bytes)
Event: 3.016 Thread 0x0000018dcebf7000 nmethod 1102 0x0000018db3177210 code [0x0000018db3177580, 0x0000018db3178bc8]
Event: 3.017 Thread 0x0000018dcebf7000 1103       3       jdk.internal.org.objectweb.asm.ClassWriter::toByteArray (1423 bytes)
Event: 3.021 Thread 0x0000018dcebf7000 nmethod 1103 0x0000018db3179310 code [0x0000018db3179be0, 0x0000018db317d8a8]
Event: 3.021 Thread 0x0000018dcebf7000 1104       3       jdk.internal.loader.BuiltinClassLoader::defineClass (121 bytes)
Event: 3.022 Thread 0x0000018dcebf7000 nmethod 1104 0x0000018db317f290 code [0x0000018db317f5e0, 0x0000018db3180be8]
Event: 3.024 Thread 0x0000018dcebf7000 1105       3       java.lang.reflect.AccessibleObject::<init> (5 bytes)
Event: 3.024 Thread 0x0000018dcebf7000 nmethod 1105 0x0000018db3181310 code [0x0000018db31814c0, 0x0000018db3181618]
Event: 3.026 Thread 0x0000018dcebf6000 nmethod 1032 0x0000018dba50ce90 code [0x0000018dba50d1e0, 0x0000018dba50ff88]
Event: 3.026 Thread 0x0000018dcebf6000 1089       4       java.lang.String::startsWith (138 bytes)
Event: 3.030 Thread 0x0000018dcebf6000 nmethod 1089 0x0000018dba511b10 code [0x0000018dba511ca0, 0x0000018dba511f38]
Event: 3.030 Thread 0x0000018dcebf6000 1050       4       java.io.WinNTFileSystem::normalize (143 bytes)
Event: 3.065 Thread 0x0000018dcebf6000 nmethod 1050 0x0000018dba512110 code [0x0000018dba512400, 0x0000018dba513c40]
Event: 3.071 Thread 0x0000018dcebf7000 1107       3       java.util.jar.JarFile::getManifestFromReference (151 bytes)
Event: 3.072 Thread 0x0000018dcebf7000 nmethod 1107 0x0000018db3181710 code [0x0000018db3181a00, 0x0000018db3182be8]
Event: 3.074 Thread 0x0000018dcebf7000 1108       3       java.lang.invoke.MethodHandleNatives::refKindIsMethod (19 bytes)
Event: 3.074 Thread 0x0000018dcebf7000 nmethod 1108 0x0000018db3183190 code [0x0000018db3183340, 0x0000018db3183578]

GC Heap History (4 events):
Event: 2.153 GC heap before
{Heap before GC invocations=0 (full 0):
 garbage-first heap   total 260096K, used 11264K [0x0000000703a00000, 0x0000000800000000)
  region size 1024K, 12 young (12288K), 0 survivors (0K)
 Metaspace       used 10865K, capacity 11113K, committed 11392K, reserved 1058816K
  class space    used 1010K, capacity 1115K, committed 1152K, reserved 1048576K
}
Event: 2.157 GC heap after
{Heap after GC invocations=1 (full 0):
 garbage-first heap   total 260096K, used 3562K [0x0000000703a00000, 0x0000000800000000)
  region size 1024K, 2 young (2048K), 2 survivors (2048K)
 Metaspace       used 10865K, capacity 11113K, committed 11392K, reserved 1058816K
  class space    used 1010K, capacity 1115K, committed 1152K, reserved 1048576K
}
Event: 3.001 GC heap before
{Heap before GC invocations=1 (full 0):
 garbage-first heap   total 260096K, used 12778K [0x0000000703a00000, 0x0000000800000000)
  region size 1024K, 12 young (12288K), 2 survivors (2048K)
 Metaspace       used 15732K, capacity 16146K, committed 16384K, reserved 1064960K
  class space    used 1532K, capacity 1728K, committed 1792K, reserved 1048576K
}
Event: 3.004 GC heap after
{Heap after GC invocations=2 (full 0):
 garbage-first heap   total 260096K, used 4731K [0x0000000703a00000, 0x0000000800000000)
  region size 1024K, 2 young (2048K), 2 survivors (2048K)
 Metaspace       used 15732K, capacity 16146K, committed 16384K, reserved 1064960K
  class space    used 1532K, capacity 1728K, committed 1792K, reserved 1048576K
}

Deoptimization events (20 events):
Event: 2.685 Thread 0x0000018dcf608800 Uncommon trap: trap_request=0xffffffbe fr.pc=0x0000018dba4fa338 relative=0x00000000000003f8
Event: 2.685 Thread 0x0000018dcf608800 Uncommon trap: reason=profile_predicate action=maybe_recompile pc=0x0000018dba4fa338 method=java.lang.StringLatin1.indexOf([BI[BII)I @ 18 c2
Event: 2.685 Thread 0x0000018dcf608800 DEOPT PACKING pc=0x0000018dba4fa338 sp=0x0000002426dfe500
Event: 2.685 Thread 0x0000018dcf608800 DEOPT UNPACKING pc=0x0000018db2a1a1af sp=0x0000002426dfe470 mode 2
Event: 2.685 Thread 0x0000018dcf608800 Uncommon trap: trap_request=0xffffffbe fr.pc=0x0000018dba4fa338 relative=0x00000000000003f8
Event: 2.685 Thread 0x0000018dcf608800 Uncommon trap: reason=profile_predicate action=maybe_recompile pc=0x0000018dba4fa338 method=java.lang.StringLatin1.indexOf([BI[BII)I @ 18 c2
Event: 2.685 Thread 0x0000018dcf608800 DEOPT PACKING pc=0x0000018dba4fa338 sp=0x0000002426dfe500
Event: 2.685 Thread 0x0000018dcf608800 DEOPT UNPACKING pc=0x0000018db2a1a1af sp=0x0000002426dfe470 mode 2
Event: 2.685 Thread 0x0000018dcf608800 Uncommon trap: trap_request=0xffffffbe fr.pc=0x0000018dba4fa338 relative=0x00000000000003f8
Event: 2.685 Thread 0x0000018dcf608800 Uncommon trap: reason=profile_predicate action=maybe_recompile pc=0x0000018dba4fa338 method=java.lang.StringLatin1.indexOf([BI[BII)I @ 18 c2
Event: 2.685 Thread 0x0000018dcf608800 DEOPT PACKING pc=0x0000018dba4fa338 sp=0x0000002426dfe500
Event: 2.685 Thread 0x0000018dcf608800 DEOPT UNPACKING pc=0x0000018db2a1a1af sp=0x0000002426dfe470 mode 2
Event: 2.686 Thread 0x0000018dcf608800 Uncommon trap: trap_request=0xffffff4d fr.pc=0x0000018dba4ce604 relative=0x0000000000000064
Event: 2.686 Thread 0x0000018dcf608800 Uncommon trap: reason=unstable_if action=reinterpret pc=0x0000018dba4ce604 method=java.io.WinNTFileSystem.isSlash(C)Z @ 9 c2
Event: 2.686 Thread 0x0000018dcf608800 DEOPT PACKING pc=0x0000018dba4ce604 sp=0x0000002426dfe6d0
Event: 2.686 Thread 0x0000018dcf608800 DEOPT UNPACKING pc=0x0000018db2a1a1af sp=0x0000002426dfe668 mode 2
Event: 2.900 Thread 0x0000018dcf608800 Uncommon trap: trap_request=0xffffff4d fr.pc=0x0000018dba4dc6e8 relative=0x0000000000003648
Event: 2.900 Thread 0x0000018dcf608800 Uncommon trap: reason=unstable_if action=reinterpret pc=0x0000018dba4dc6e8 method=jdk.internal.org.objectweb.asm.Frame.execute(IILjdk/internal/org/objectweb/asm/ClassWriter;Ljdk/internal/org/objectweb/asm/Item;)V @ 1 c2
Event: 2.900 Thread 0x0000018dcf608800 DEOPT PACKING pc=0x0000018dba4dc6e8 sp=0x0000002426dfcc00
Event: 2.900 Thread 0x0000018dcf608800 DEOPT UNPACKING pc=0x0000018db2a1a1af sp=0x0000002426dfcbe0 mode 2

Classes redefined (0 events):
No events

Internal exceptions (20 events):
Event: 1.521 Thread 0x0000018dcf4ee000 Exception <a 'java/lang/NoSuchMethodError'{0x0000000713009fa0}: 'java.lang.Object java.lang.invoke.Invokers$Holder.linkToTargetMethod(java.lang.Object, int, java.lang.Object)'> (0x0000000713009fa0) thrown at [./src/hotspot/share/interpreter/linkResolver.cpp, line 773]
Event: 1.549 Thread 0x0000018dcf4ee000 Exception <a 'java/security/PrivilegedActionException'{0x0000000713056be0}> (0x0000000713056be0) thrown at [./src/hotspot/share/prims/jvm.cpp, line 1306]
Event: 1.549 Thread 0x0000018dcf4ee000 Exception <a 'java/security/PrivilegedActionException'{0x0000000713056eb0}> (0x0000000713056eb0) thrown at [./src/hotspot/share/prims/jvm.cpp, line 1306]
Event: 1.732 Thread 0x0000018dcf608800 Exception <a 'java/lang/NoSuchMethodError'{0x0000000712eb4838}: 'java.lang.Object java.lang.invoke.DirectMethodHandle$Holder.invokeStatic(java.lang.Object, java.lang.Object, java.lang.Object, java.lang.Object, java.lang.Object, java.lang.Object, java.lang.Object, java.lang.Object, java.lang.Object, java.lang.Object, java.lang.Object, int)'> (0x0000000712eb4838) thrown at [./src/hotspot/share/interpreter/linkResolver.cpp, line 773]
Event: 1.735 Thread 0x0000018dcf608800 Exception <a 'java/lang/NoSuchMethodError'{0x0000000712ed2738}: 'java.lang.Object java.lang.invoke.DirectMethodHandle$Holder.invokeStatic(java.lang.Object, java.lang.Object, java.lang.Object, java.lang.Object, java.lang.Object, java.lang.Object, java.lang.Object, java.lang.Object, java.lang.Object, java.lang.Object, java.lang.Object, int, int)'> (0x0000000712ed2738) thrown at [./src/hotspot/share/interpreter/linkResolver.cpp, line 773]
Event: 1.738 Thread 0x0000018dcf608800 Exception <a 'java/lang/NoSuchMethodError'{0x0000000712ef1718}: 'java.lang.Object java.lang.invoke.DirectMethodHandle$Holder.invokeStatic(java.lang.Object, java.lang.Object, java.lang.Object, java.lang.Object, java.lang.Object, java.lang.Object, java.lang.Object, java.lang.Object, java.lang.Object, java.lang.Object, java.lang.Object, int, int, java.lang.Object)'> (0x0000000712ef1718) thrown at [./src/hotspot/share/interpreter/linkResolver.cpp, line 773]
Event: 1.742 Thread 0x0000018dcf608800 Exception <a 'java/lang/NoSuchMethodError'{0x0000000712d12028}: 'java.lang.Object java.lang.invoke.DirectMethodHandle$Holder.invokeStatic(java.lang.Object, java.lang.Object, java.lang.Object, java.lang.Object, java.lang.Object, java.lang.Object, java.lang.Object, java.lang.Object, java.lang.Object, java.lang.Object, java.lang.Object, int, int, java.lang.Object, java.lang.Object)'> (0x0000000712d12028) thrown at [./src/hotspot/share/interpreter/linkResolver.cpp, line 773]
Event: 2.108 Thread 0x0000018dcf608800 Exception <a 'java/lang/ClassNotFoundException'{0x0000000712c8b928}: sun/net/www/protocol/c/Handler> (0x0000000712c8b928) thrown at [./src/hotspot/share/classfile/systemDictionary.cpp, line 230]
Event: 2.108 Thread 0x0000018dcf608800 Exception <a 'java/lang/ClassNotFoundException'{0x0000000712c92090}: sun/net/www/protocol/c/Handler> (0x0000000712c92090) thrown at [./src/hotspot/share/classfile/systemDictionary.cpp, line 230]
Event: 2.109 Thread 0x0000018dcf608800 Exception <a 'java/lang/ClassNotFoundException'{0x0000000712c98728}: sun/net/www/protocol/c/Handler> (0x0000000712c98728) thrown at [./src/hotspot/share/classfile/systemDictionary.cpp, line 230]
Event: 2.153 Thread 0x0000018dcf608800 Exception <a 'java/lang/NoSuchMethodError'{0x0000000712cfb118}: 'java.lang.Object java.lang.invoke.DirectMethodHandle$Holder.invokeStatic(java.lang.Object, int, int, int, int)'> (0x0000000712cfb118) thrown at [./src/hotspot/share/interpreter/linkResolver.cpp, line 773]
Event: 2.153 Thread 0x0000018dcf608800 Exception <a 'java/lang/NoSuchMethodError'{0x0000000712cfe240}: 'java.lang.Object java.lang.invoke.DirectMethodHandle$Holder.invokeStaticInit(java.lang.Object, int, int, int, int)'> (0x0000000712cfe240) thrown at [./src/hotspot/share/interpreter/linkResolver.cpp, line 773]
Event: 2.465 Thread 0x0000018dcf608800 Exception <a 'java/lang/NoSuchMethodError'{0x0000000713742328}: 'java.lang.Object java.lang.invoke.DirectMethodHandle$Holder.invokeStatic(java.lang.Object, java.lang.Object, int, int, int, int)'> (0x0000000713742328) thrown at [./src/hotspot/share/interpreter/linkResolver.cpp, line 773]
Event: 2.467 Thread 0x0000018dcf608800 Exception <a 'java/lang/NoSuchMethodError'{0x00000007137459b8}: 'java.lang.Object java.lang.invoke.DirectMethodHandle$Holder.invokeStaticInit(java.lang.Object, java.lang.Object, int, int, int, int)'> (0x00000007137459b8) thrown at [./src/hotspot/share/interpreter/linkResolver.cpp, line 773]
Event: 2.677 Thread 0x0000018dcf608800 Exception <a 'java/lang/NoSuchMethodError'{0x000000071345f590}: 'java.lang.Object java.lang.invoke.DirectMethodHandle$Holder.invokeStatic(java.lang.Object, java.lang.Object, java.lang.Object, java.lang.Object, java.lang.Object, java.lang.Object, java.lang.Object, java.lang.Object, int, int, java.lang.Object)'> (0x000000071345f590) thrown at [./src/hotspot/share/interpreter/linkResolver.cpp, line 773]
Event: 2.900 Thread 0x0000018dcf608800 Exception <a 'java/lang/NoSuchMethodError'{0x00000007131c7148}: 'int java.lang.invoke.DirectMethodHandle$Holder.invokeStaticInit(java.lang.Object, java.lang.Object, java.lang.Object)'> (0x00000007131c7148) thrown at [./src/hotspot/share/interpreter/linkResolver.cpp, line 773]
Event: 2.923 Thread 0x0000018dcf608800 Exception <a 'java/lang/NoSuchMethodError'{0x00000007130991d0}: 'java.lang.Object java.lang.invoke.DirectMethodHandle$Holder.invokeStatic(java.lang.Object, java.lang.Object, int, java.lang.Object)'> (0x00000007130991d0) thrown at [./src/hotspot/share/interpreter/linkResolver.cpp, line 773]
Event: 2.923 Thread 0x0000018dcf608800 Exception <a 'java/lang/NoSuchMethodError'{0x00000007130a9a08}: 'java.lang.Object java.lang.invoke.DirectMethodHandle$Holder.invokeSpecial(java.lang.Object, java.lang.Object, java.lang.Object, int, java.lang.Object)'> (0x00000007130a9a08) thrown at [./src/hotspot/share/interpreter/linkResolver.cpp, line 773]
Event: 2.923 Thread 0x0000018dcf608800 Exception <a 'java/lang/NoSuchMethodError'{0x00000007130acbf8}: 'java.lang.Object java.lang.invoke.Invokers$Holder.linkToTargetMethod(java.lang.Object, int, java.lang.Object, java.lang.Object)'> (0x00000007130acbf8) thrown at [./src/hotspot/share/interpreter/linkResolver.cpp, line 773]
Event: 3.009 Thread 0x0000018dd0968000 Exception <a 'java/lang/NoSuchMethodError'{0x0000000713783160}: 'void java.lang.invoke.DirectMethodHandle$Holder.invokeStaticInit(java.lang.Object)'> (0x0000000713783160) thrown at [./src/hotspot/share/interpreter/linkResolver.cpp, line 773]

Events (20 events):
Event: 3.073 loading class jdk/internal/loader/URLClassPath$FileLoader$1
Event: 3.073 loading class jdk/internal/loader/URLClassPath$FileLoader$1 done
Event: 3.073 Executing VM operation: Deoptimize
Event: 3.073 Executing VM operation: Deoptimize done
Event: 3.074 Executing VM operation: RevokeBias
Event: 3.074 Executing VM operation: RevokeBias done
Event: 3.074 Thread 0x0000018dd0969000 Thread added: 0x0000018dd0969000
Event: 3.074 Executing VM operation: GetFrameCount
Event: 3.074 Executing VM operation: GetFrameCount done
Event: 3.074 Executing VM operation: GetStackTrace
Event: 3.074 Executing VM operation: GetStackTrace done
Event: 3.075 Executing VM operation: GetFrameCount
Event: 3.075 Executing VM operation: GetFrameCount done
Event: 3.075 Executing VM operation: GetStackTrace
Event: 3.075 Executing VM operation: GetStackTrace done
Event: 3.077 loading class greenfoot/vmcomm/VMCommsSimulation$PaintWhen
Event: 3.077 loading class greenfoot/vmcomm/VMCommsSimulation$PaintWhen done
Event: 3.077 Executing VM operation: ThreadSuspend
Event: 3.077 Executing VM operation: ThreadSuspend done
Event: 3.078 Executing VM operation: G1CollectFull


Dynamic libraries:
0x00007ff691b30000 - 0x00007ff691b3d000 	C:\Program Files\Greenfoot\jdk\bin\java.exe
0x00007ffefc3b0000 - 0x00007ffefc5c4000 	C:\WINDOWS\SYSTEM32\ntdll.dll
0x00007ffefb080000 - 0x00007ffefb142000 	C:\WINDOWS\System32\KERNEL32.DLL
0x00007ffef9ad0000 - 0x00007ffef9e73000 	C:\WINDOWS\System32\KERNELBASE.dll
0x00007ffef9fa0000 - 0x00007ffefa0b1000 	C:\WINDOWS\System32\ucrtbase.dll
0x00007ffeb6460000 - 0x00007ffeb6477000 	C:\Program Files\Greenfoot\jdk\bin\jli.dll
0x00007ffeb6440000 - 0x00007ffeb6455000 	C:\Program Files\Greenfoot\jdk\bin\VCRUNTIME140.dll
0x00007ffefa630000 - 0x00007ffefa7da000 	C:\WINDOWS\System32\USER32.dll
0x00007ffefa160000 - 0x00007ffefa186000 	C:\WINDOWS\System32\win32u.dll
0x00007ffedb920000 - 0x00007ffedbbae000 	C:\WINDOWS\WinSxS\amd64_microsoft.windows.common-controls_6595b64144ccf1df_6.0.22621.1635_none_270f70857386168e\COMCTL32.dll
0x00007ffefba10000 - 0x00007ffefba39000 	C:\WINDOWS\System32\GDI32.dll
0x00007ffefb240000 - 0x00007ffefb2e7000 	C:\WINDOWS\System32\msvcrt.dll
0x00007ffef9e80000 - 0x00007ffef9f99000 	C:\WINDOWS\System32\gdi32full.dll
0x00007ffefa0c0000 - 0x00007ffefa15a000 	C:\WINDOWS\System32\msvcp_win.dll
0x00007ffefb950000 - 0x00007ffefb981000 	C:\WINDOWS\System32\IMM32.DLL
0x00007ffe9c2c0000 - 0x00007ffe9c35b000 	C:\Program Files\Greenfoot\jdk\bin\msvcp140.dll
0x00007ffe1b760000 - 0x00007ffe1c2e1000 	C:\Program Files\Greenfoot\jdk\bin\server\jvm.dll
0x00007ffefbca0000 - 0x00007ffefbd4e000 	C:\WINDOWS\System32\ADVAPI32.dll
0x00007ffefb2f0000 - 0x00007ffefb394000 	C:\WINDOWS\System32\sechost.dll
0x00007ffefb3b0000 - 0x00007ffefb4c7000 	C:\WINDOWS\System32\RPCRT4.dll
0x00007ffefc350000 - 0x00007ffefc358000 	C:\WINDOWS\System32\PSAPI.DLL
0x00007ffef0d20000 - 0x00007ffef0d2a000 	C:\WINDOWS\SYSTEM32\VERSION.dll
0x00007ffef1960000 - 0x00007ffef1994000 	C:\WINDOWS\SYSTEM32\WINMM.dll
0x00007ffef2f80000 - 0x00007ffef2f89000 	C:\WINDOWS\SYSTEM32\WSOCK32.dll
0x00007ffefa7e0000 - 0x00007ffefa851000 	C:\WINDOWS\System32\WS2_32.dll
0x00007ffef88e0000 - 0x00007ffef88f8000 	C:\WINDOWS\SYSTEM32\kernel.appcore.dll
0x00007ffee7330000 - 0x00007ffee7340000 	C:\Program Files\Greenfoot\jdk\bin\verify.dll
0x00007ffef73f0000 - 0x00007ffef761e000 	C:\WINDOWS\SYSTEM32\DBGHELP.DLL
0x00007ffefa2a0000 - 0x00007ffefa629000 	C:\WINDOWS\System32\combase.dll
0x00007ffefbac0000 - 0x00007ffefbb97000 	C:\WINDOWS\System32\OLEAUT32.dll
0x00007ffee1610000 - 0x00007ffee1642000 	C:\WINDOWS\SYSTEM32\dbgcore.DLL
0x00007ffef97b0000 - 0x00007ffef982a000 	C:\WINDOWS\System32\bcryptPrimitives.dll
0x00007ffeb61f0000 - 0x00007ffeb6218000 	C:\Program Files\Greenfoot\jdk\bin\java.dll
0x00007ffee2890000 - 0x00007ffee289a000 	C:\Program Files\Greenfoot\jdk\bin\jimage.dll
0x00007ffe9bbb0000 - 0x00007ffe9bbe8000 	C:\Program Files\Greenfoot\jdk\bin\jdwp.dll
0x00007ffeb61d0000 - 0x00007ffeb61e8000 	C:\Program Files\Greenfoot\jdk\bin\zip.dll
0x00007ffefa880000 - 0x00007ffefb079000 	C:\WINDOWS\System32\SHELL32.dll
0x00007ffef77b0000 - 0x00007ffef807e000 	C:\WINDOWS\SYSTEM32\windows.storage.dll
0x00007ffef7670000 - 0x00007ffef77ae000 	C:\WINDOWS\SYSTEM32\wintypes.dll
0x00007ffefbba0000 - 0x00007ffefbc91000 	C:\WINDOWS\System32\SHCORE.dll
0x00007ffefb150000 - 0x00007ffefb1ae000 	C:\WINDOWS\System32\shlwapi.dll
0x00007ffef96e0000 - 0x00007ffef9706000 	C:\WINDOWS\SYSTEM32\profapi.dll
0x00007ffee15a0000 - 0x00007ffee15ab000 	C:\Program Files\Greenfoot\jdk\bin\dt_shmem.dll
0x00007ffeb4830000 - 0x00007ffeb4849000 	C:\Program Files\Greenfoot\jdk\bin\net.dll
0x00007ffef1eb0000 - 0x00007ffef1fe7000 	C:\WINDOWS\SYSTEM32\WINHTTP.dll
0x00007ffef8d60000 - 0x00007ffef8dc9000 	C:\WINDOWS\system32\mswsock.dll
0x00007ffeb4810000 - 0x00007ffeb4823000 	C:\Program Files\Greenfoot\jdk\bin\nio.dll
0x00007ffe25f60000 - 0x00007ffe260f9000 	C:\Program Files\Greenfoot\jdk\bin\awt.dll
0x00007ffef6660000 - 0x00007ffef66f7000 	C:\WINDOWS\SYSTEM32\apphelp.dll
0x00007ffef68e0000 - 0x00007ffef698b000 	C:\WINDOWS\system32\uxtheme.dll
0x00007ffefc060000 - 0x00007ffefc187000 	C:\WINDOWS\System32\MSCTF.dll
0x00007ffefbec0000 - 0x00007ffefc05c000 	C:\WINDOWS\System32\ole32.dll
0x00007ffef6b20000 - 0x00007ffef6b4b000 	C:\WINDOWS\system32\DWMAPI.DLL
0x00007ffee3a00000 - 0x00007ffee3b00000 	C:\WINDOWS\system32\opengl32.dll
0x00007ffeedc50000 - 0x00007ffeedc7d000 	C:\WINDOWS\SYSTEM32\GLU32.dll
0x00007ffef69c0000 - 0x00007ffef69f8000 	C:\WINDOWS\SYSTEM32\dxcore.dll
0x00007ffeed970000 - 0x00007ffeedb19000 	C:\WINDOWS\system32\d3d9.dll
0x00007ffe61a00000 - 0x00007ffe61b65000 	C:\WINDOWS\System32\DriverStore\FileRepository\iigd_dch.inf_amd64_b2fc2b6a71b374b5\igdumdim64.dll
0x00007ffe2a040000 - 0x00007ffe2dccb000 	C:\WINDOWS\System32\DriverStore\FileRepository\iigd_dch.inf_amd64_b2fc2b6a71b374b5\igd9dxva64.dll
0x00007ffefb4d0000 - 0x00007ffefb944000 	C:\WINDOWS\System32\SETUPAPI.dll
0x00007ffef94a0000 - 0x00007ffef94ee000 	C:\WINDOWS\SYSTEM32\cfgmgr32.dll
0x00007ffeeb150000 - 0x00007ffeeb486000 	C:\WINDOWS\System32\DriverStore\FileRepository\iigd_dch.inf_amd64_b2fc2b6a71b374b5\igdgmm64.dll
0x00007ffef4540000 - 0x00007ffef4588000 	C:\WINDOWS\SYSTEM32\directxdatabasehelper.dll
0x00007ffef45b0000 - 0x00007ffef466e000 	C:\WINDOWS\System32\DriverStore\FileRepository\nvdmegpu.inf_amd64_57023f76c21298a9\nvldumdx.dll
0x00007ffef9480000 - 0x00007ffef9492000 	C:\WINDOWS\SYSTEM32\msasn1.dll
0x00007ffef0ce0000 - 0x00007ffef0d12000 	C:\WINDOWS\SYSTEM32\cryptnet.dll
0x00007ffef9830000 - 0x00007ffef9997000 	C:\WINDOWS\System32\CRYPT32.dll
0x00007ffef0b80000 - 0x00007ffef0ce0000 	C:\WINDOWS\SYSTEM32\drvstore.dll
0x00007ffef9450000 - 0x00007ffef947c000 	C:\WINDOWS\SYSTEM32\devobj.dll
0x00007ffef9070000 - 0x00007ffef90b6000 	C:\WINDOWS\SYSTEM32\wldp.dll
0x00007ffef8fc0000 - 0x00007ffef8fcc000 	C:\WINDOWS\SYSTEM32\cryptbase.dll
0x00007ffef9a60000 - 0x00007ffef9acb000 	C:\WINDOWS\System32\WINTRUST.DLL
0x00007ffefbea0000 - 0x00007ffefbebf000 	C:\WINDOWS\System32\imagehlp.dll
0x00007ffef8fd0000 - 0x00007ffef8feb000 	C:\WINDOWS\SYSTEM32\CRYPTSP.dll
0x00007ffef8850000 - 0x00007ffef8885000 	C:\WINDOWS\system32\rsaenh.dll
0x00007ffef9160000 - 0x00007ffef9188000 	C:\WINDOWS\SYSTEM32\bcrypt.dll
0x00007ffe55f60000 - 0x00007ffe5856a000 	C:\WINDOWS\System32\DriverStore\FileRepository\nvdmegpu.inf_amd64_57023f76c21298a9\nvd3dumx.dll
0x00007ffe5b060000 - 0x00007ffe5b327000 	C:\WINDOWS\system32\nvspcap64.dll
0x00007ffef8900000 - 0x00007ffef8934000 	C:\WINDOWS\SYSTEM32\ntmarta.dll
0x00007ffef8df0000 - 0x00007ffef8e16000 	C:\WINDOWS\SYSTEM32\gpapi.dll
0x00007ffef8e60000 - 0x00007ffef8e8c000 	C:\WINDOWS\SYSTEM32\USERENV.dll
0x00007ffef8350000 - 0x00007ffef837d000 	C:\WINDOWS\SYSTEM32\IPHLPAPI.DLL
0x00007ffefb990000 - 0x00007ffefb999000 	C:\WINDOWS\System32\NSI.dll
0x00007ffef1e90000 - 0x00007ffef1ea9000 	C:\WINDOWS\SYSTEM32\dhcpcsvc6.DLL
0x00007ffef1e70000 - 0x00007ffef1e8f000 	C:\WINDOWS\SYSTEM32\dhcpcsvc.DLL
0x00007ffef83c0000 - 0x00007ffef84b3000 	C:\WINDOWS\SYSTEM32\DNSAPI.dll
0x0000018dd7530000 - 0x0000018dd7533000 	C:\Program Files\Greenfoot\lib\javafx\bin\api-ms-win-core-console-l1-1-0.dll
0x0000018dd7540000 - 0x0000018dd7543000 	C:\Program Files\Greenfoot\lib\javafx\bin\api-ms-win-core-console-l1-2-0.dll
0x0000018dd7550000 - 0x0000018dd7553000 	C:\Program Files\Greenfoot\lib\javafx\bin\api-ms-win-core-datetime-l1-1-0.dll
0x0000018dd7560000 - 0x0000018dd7563000 	C:\Program Files\Greenfoot\lib\javafx\bin\api-ms-win-core-debug-l1-1-0.dll
0x0000018dd7570000 - 0x0000018dd7573000 	C:\Program Files\Greenfoot\lib\javafx\bin\api-ms-win-core-errorhandling-l1-1-0.dll
0x0000018dd7580000 - 0x0000018dd7584000 	C:\Program Files\Greenfoot\lib\javafx\bin\api-ms-win-core-file-l1-1-0.dll
0x0000018dd7590000 - 0x0000018dd7593000 	C:\Program Files\Greenfoot\lib\javafx\bin\api-ms-win-core-file-l1-2-0.dll
0x0000018dd75a0000 - 0x0000018dd75a3000 	C:\Program Files\Greenfoot\lib\javafx\bin\api-ms-win-core-file-l2-1-0.dll
0x0000018dd75b0000 - 0x0000018dd75b3000 	C:\Program Files\Greenfoot\lib\javafx\bin\api-ms-win-core-handle-l1-1-0.dll
0x0000018dd75c0000 - 0x0000018dd75c3000 	C:\Program Files\Greenfoot\lib\javafx\bin\api-ms-win-core-heap-l1-1-0.dll
0x0000018dd75d0000 - 0x0000018dd75d3000 	C:\Program Files\Greenfoot\lib\javafx\bin\api-ms-win-core-interlocked-l1-1-0.dll
0x0000018dd75e0000 - 0x0000018dd75e3000 	C:\Program Files\Greenfoot\lib\javafx\bin\api-ms-win-core-libraryloader-l1-1-0.dll
0x0000018dd75f0000 - 0x0000018dd75f3000 	C:\Program Files\Greenfoot\lib\javafx\bin\api-ms-win-core-localization-l1-2-0.dll
0x0000018dd7600000 - 0x0000018dd7603000 	C:\Program Files\Greenfoot\lib\javafx\bin\api-ms-win-core-memory-l1-1-0.dll
0x0000018dd7610000 - 0x0000018dd7613000 	C:\Program Files\Greenfoot\lib\javafx\bin\api-ms-win-core-namedpipe-l1-1-0.dll
0x0000018dd7620000 - 0x0000018dd7623000 	C:\Program Files\Greenfoot\lib\javafx\bin\api-ms-win-core-processenvironment-l1-1-0.dll
0x0000018dd7630000 - 0x0000018dd7633000 	C:\Program Files\Greenfoot\lib\javafx\bin\api-ms-win-core-processthreads-l1-1-0.dll
0x0000018dd7640000 - 0x0000018dd7643000 	C:\Program Files\Greenfoot\lib\javafx\bin\api-ms-win-core-processthreads-l1-1-1.dll
0x0000018dd7650000 - 0x0000018dd7653000 	C:\Program Files\Greenfoot\lib\javafx\bin\api-ms-win-core-profile-l1-1-0.dll
0x0000018dd7660000 - 0x0000018dd7663000 	C:\Program Files\Greenfoot\lib\javafx\bin\api-ms-win-core-rtlsupport-l1-1-0.dll
0x0000018dd7670000 - 0x0000018dd7673000 	C:\Program Files\Greenfoot\lib\javafx\bin\api-ms-win-core-string-l1-1-0.dll
0x0000018dd7680000 - 0x0000018dd7683000 	C:\Program Files\Greenfoot\lib\javafx\bin\api-ms-win-core-synch-l1-1-0.dll
0x0000018dd7690000 - 0x0000018dd7693000 	C:\Program Files\Greenfoot\lib\javafx\bin\api-ms-win-core-synch-l1-2-0.dll
0x0000018dd76a0000 - 0x0000018dd76a3000 	C:\Program Files\Greenfoot\lib\javafx\bin\api-ms-win-core-sysinfo-l1-1-0.dll
0x0000018dd76b0000 - 0x0000018dd76b3000 	C:\Program Files\Greenfoot\lib\javafx\bin\api-ms-win-core-timezone-l1-1-0.dll
0x0000018dd76c0000 - 0x0000018dd76c3000 	C:\Program Files\Greenfoot\lib\javafx\bin\api-ms-win-core-util-l1-1-0.dll
0x0000018dd76d0000 - 0x0000018dd76d3000 	C:\Program Files\Greenfoot\lib\javafx\bin\api-ms-win-crt-conio-l1-1-0.dll
0x0000018dd76e0000 - 0x0000018dd76e4000 	C:\Program Files\Greenfoot\lib\javafx\bin\api-ms-win-crt-convert-l1-1-0.dll
0x0000018dd76f0000 - 0x0000018dd76f3000 	C:\Program Files\Greenfoot\lib\javafx\bin\api-ms-win-crt-environment-l1-1-0.dll
0x0000018dd7700000 - 0x0000018dd7703000 	C:\Program Files\Greenfoot\lib\javafx\bin\api-ms-win-crt-filesystem-l1-1-0.dll
0x0000018dd7710000 - 0x0000018dd7713000 	C:\Program Files\Greenfoot\lib\javafx\bin\api-ms-win-crt-heap-l1-1-0.dll
0x0000018dd7720000 - 0x0000018dd7723000 	C:\Program Files\Greenfoot\lib\javafx\bin\api-ms-win-crt-locale-l1-1-0.dll
0x0000018dd7730000 - 0x0000018dd7735000 	C:\Program Files\Greenfoot\lib\javafx\bin\api-ms-win-crt-math-l1-1-0.dll
0x0000018dd7740000 - 0x0000018dd7745000 	C:\Program Files\Greenfoot\lib\javafx\bin\api-ms-win-crt-multibyte-l1-1-0.dll
0x0000018dd7750000 - 0x0000018dd7760000 	C:\Program Files\Greenfoot\lib\javafx\bin\api-ms-win-crt-private-l1-1-0.dll
0x0000018dd7760000 - 0x0000018dd7763000 	C:\Program Files\Greenfoot\lib\javafx\bin\api-ms-win-crt-process-l1-1-0.dll
0x0000018dd7770000 - 0x0000018dd7774000 	C:\Program Files\Greenfoot\lib\javafx\bin\api-ms-win-crt-runtime-l1-1-0.dll
0x0000018dd7780000 - 0x0000018dd7784000 	C:\Program Files\Greenfoot\lib\javafx\bin\api-ms-win-crt-stdio-l1-1-0.dll
0x0000018dd7790000 - 0x0000018dd7794000 	C:\Program Files\Greenfoot\lib\javafx\bin\api-ms-win-crt-string-l1-1-0.dll
0x0000018dd77a0000 - 0x0000018dd77a3000 	C:\Program Files\Greenfoot\lib\javafx\bin\api-ms-win-crt-time-l1-1-0.dll
0x0000018dd77b0000 - 0x0000018dd77b3000 	C:\Program Files\Greenfoot\lib\javafx\bin\api-ms-win-crt-utility-l1-1-0.dll
0x00007ffe8f390000 - 0x00007ffe8f48c000 	C:\Program Files\Greenfoot\lib\javafx\bin\ucrtbase.dll

dbghelp: loaded successfully - version: 4.0.5 - missing functions: none
symbol engine: initialized successfully - sym options: 0x614 - pdb path: .;C:\Program Files\Greenfoot\jdk\bin;C:\WINDOWS\SYSTEM32;C:\WINDOWS\WinSxS\amd64_microsoft.windows.common-controls_6595b64144ccf1df_6.0.22621.1635_none_270f70857386168e;C:\Program Files\Greenfoot\jdk\bin\server;C:\WINDOWS\System32\DriverStore\FileRepository\iigd_dch.inf_amd64_b2fc2b6a71b374b5;C:\WINDOWS\System32\DriverStore\FileRepository\nvdmegpu.inf_amd64_57023f76c21298a9;C:\Program Files\Greenfoot\lib\javafx\bin

VM Arguments:
jvm_args: -XX:MaxGCPauseMillis=50 -agentlib:jdwp=transport=dt_shmem,address=javadebug -Dfile.encoding=UTF-8 
java_command: bluej.runtime.ExecServer UTF-8
java_class_path (initial): C:\Program Files\Greenfoot\lib\greenfoot.jar;C:\Program Files\Greenfoot\lib\bluejcore.jar;C:\Program Files\Greenfoot\lib\bluejeditor.jar;C:\Program Files\Greenfoot\lib\bluejext2.jar;C:\Program Files\Greenfoot\lib\junit-jupiter-5.5.2.jar;C:\Program Files\Greenfoot\lib\junit-jupiter-api-5.5.2.jar;C:\Program Files\Greenfoot\lib\junit-jupiter-engine-5.5.2.jar;C:\Program Files\Greenfoot\lib\junit-jupiter-migrationsupport-5.5.2.jar;C:\Program Files\Greenfoot\lib\junit-jupiter-params-5.5.2.jar;C:\Program Files\Greenfoot\lib\junit-platform-commons-1.5.2.jar;C:\Program Files\Greenfoot\lib\junit-platform-console-1.5.2.jar;C:\Program Files\Greenfoot\lib\junit-platform-console-standalone-1.5.2.jar;C:\Program Files\Greenfoot\lib\junit-platform-engine-1.5.2.jar;C:\Program Files\Greenfoot\lib\junit-platform-launcher-1.5.2.jar;C:\Program Files\Greenfoot\lib\junit-platform-reporting-1.5.2.jar;C:\Program Files\Greenfoot\lib\junit-platform-runner-1.5.2.jar;C:\Program Files\Greenfoot\lib\junit-platform-suite-api-1.5.2.jar;C:\Program Files\Greenfoot\lib\junit-platform-testkit-1.5.2.jar;C:\Program Files\Greenfoot\lib\junit-quickcheck-core-0.9.jar;C:\Program Files\Greenfoot\lib\junit-vintage-engine-5.5.2.jar;C:\Program Files\Greenfoot\lib\hamcrest-core-1.3.jar;C:\Program Files\Greenfoot\lib\bluej.jar;C:\Program Files\Greenfoot\lib\classgraph-4.8.90.jar;C:\Program Files\Greenfoot\lib\diffutils-1.2.1.jar;C:\Program Files\Greenfoot\lib\commons-logging-api-1.1.2.jar;C:\Program Files\Greenfoot\lib\jl1.0.1.jar;C:\Program Files\Greenfoot\lib\opencsv-2.3.jar;C:\Program Files\Greenfoot\lib\xom-1.3.7.jar;C:\Program Files\Greenfoot\lib\lang-stride.jar;C:\Program Files\Greenfoot\lib\nsmenufx-2.1.8.jar;C:\Program Files\Greenfoot\lib\wellbehavedfx-0.3.3.jar;C:\Program Files\Greenfoot\lib\guava-17.0.jar;C:\Program Files\Greenfoot\lib\httpclient-4.1.1.jar;C:\Program Files\Greenfoot\lib\httpcore-4.1.jar;C:\Program Files\Greenfoot\lib\httpmime-4.1.1.jar;C:\Program Files\Greenfo
Launcher Type: SUN_STANDARD

[Global flags]
     intx CICompilerCount                          = 4                                         {product} {ergonomic}
     uint ConcGCThreads                            = 3                                         {product} {ergonomic}
     uint G1ConcRefinementThreads                  = 10                                        {product} {ergonomic}
   size_t G1HeapRegionSize                         = 1048576                                   {product} {ergonomic}
    uintx GCDrainStackTargetSize                   = 64                                        {product} {ergonomic}
   size_t InitialHeapSize                          = 266338304                                 {product} {ergonomic}
   size_t MarkStackSize                            = 4194304                                   {product} {ergonomic}
    uintx MaxGCPauseMillis                         = 50                                        {product} {command line}
   size_t MaxHeapSize                              = 4234149888                                {product} {ergonomic}
   size_t MaxNewSize                               = 2539651072                                {product} {ergonomic}
   size_t MinHeapDeltaBytes                        = 1048576                                   {product} {ergonomic}
    uintx NonNMethodCodeHeapSize                   = 5836300                                {pd product} {ergonomic}
    uintx NonProfiledCodeHeapSize                  = 122910970                              {pd product} {ergonomic}
    uintx ProfiledCodeHeapSize                     = 122910970                              {pd product} {ergonomic}
    uintx ReservedCodeCacheSize                    = 251658240                              {pd product} {ergonomic}
     bool SegmentedCodeCache                       = true                                      {product} {ergonomic}
     bool UseCompressedClassPointers               = true                                 {lp64_product} {ergonomic}
     bool UseCompressedOops                        = true                                 {lp64_product} {ergonomic}
     bool UseG1GC                                  = true                                      {product} {ergonomic}
     bool UseLargePagesIndividualAllocation        = false                                  {pd product} {ergonomic}

Logging:
Log output configuration:
 #0: stdout all=warning uptime,level,tags
 #1: stderr all=off uptime,level,tags

Environment Variables:
PATH=C:\Program Files\Common Files\Oracle\Java\javapath;C:\ProgramData\Oracle\Java\javapath;C:\Windows\system32;C:\Windows;C:\Windows\System32\Wbem;C:\Windows\System32\WindowsPowerShell\v1.0\;C:\Windows\System32\OpenSSH\;C:\Program Files (x86)\NVIDIA Corporation\PhysX\Common;C:\Program Files\NVIDIA Corporation\NVIDIA NvDLISR;C:\WINDOWS\system32;C:\WINDOWS;C:\WINDOWS\System32\Wbem;C:\WINDOWS\System32\WindowsPowerShell\v1.0\;C:\WINDOWS\System32\OpenSSH\;C:\Program Files\dotnet\;C:\Program Files\nodejs\;C:\Program Files\Git\cmd;C:\Program Files\Java\jdk-20\bin;C:\Program Files\Cloudflare\Cloudflare WARP\;C:\Users\bjjaq\AppData\Local\Programs\Python\Python310\Scripts\;C:\Users\bjjaq\AppData\Local\Programs\Python\Python310\;C:\Users\bjjaq\miniconda3;C:\Users\bjjaq\miniconda3\Library\mingw-w64\bin;C:\Users\bjjaq\miniconda3\Library\usr\bin;C:\Users\bjjaq\miniconda3\Library\bin;C:\Users\bjjaq\miniconda3\Scripts;C:\Users\bjjaq\AppData\Local\Microsoft\WindowsApps;C:\Users\bjjaq\AppData\Local\Programs\Microsoft VS Code\bin;C:\Users\bjjaq\AppData\Roaming\npm;C:\Users\bjjaq\AppData\Local\GitHubDesktop\bin;
USERNAME=bjjaq
OS=Windows_NT
PROCESSOR_IDENTIFIER=Intel64 Family 6 Model 165 Stepping 2, GenuineIntel



---------------  S Y S T E M  ---------------

OS: Windows 11 , 64 bit Build 22621 (10.0.22621.1928)
OS uptime: 5 days 10:29 hours

CPU:total 12 (initial active 12) (6 cores per cpu, 2 threads per core) family 6 model 165 stepping 2 microcode 0xf4, cmov, cx8, fxsr, mmx, sse, sse2, sse3, ssse3, sse4.1, sse4.2, popcnt, avx, avx2, aes, clmul, erms, 3dnowpref, lzcnt, ht, tsc, tscinvbit, bmi1, bmi2, adx, fma

Memory: 4k page, system-wide physical 16146M (374M free)
TotalPageFile size 65298M (AvailPageFile size 3M)
current process WorkingSet (physical memory assigned to process): 132M, peak: 132M
current process commit charge ("private bytes"): 420M, peak: 421M

vm_info: OpenJDK 64-Bit Server VM (11.0.14.1+1) for windows-amd64 JRE (11.0.14.1+1), built on Feb  9 2022 01:48:27 by "" with unknown MS VC++:1916

END.
